2025-02-08T07:23:29.586Z - info: Initialization success.
2025-02-08T07:23:35.970Z - info: Website generation started at 3:23:35 pm
2025-02-08T07:23:36.020Z - info: Building assets...
2025-02-08T07:23:36.040Z - info: Assets built
2025-02-08T07:23:36.041Z - info: Generating pages...
2025-02-08T07:23:36.196Z - warn: You might have an invalid hash for intra-link! Ignore this warning if it was intended.'
  /index.html#skills' found in file 'E:\cyx-portfolio\_markbind\layouts\default.md'
2025-02-08T07:23:36.197Z - warn: You might have an invalid hash for intra-link! Ignore this warning if it was intended.'
  /index.html#experience' found in file 'E:\cyx-portfolio\_markbind\layouts\default.md'
2025-02-08T07:23:36.197Z - warn: You might have an invalid hash for intra-link! Ignore this warning if it was intended.'
  /index.html#project-1' found in file 'E:\cyx-portfolio\_markbind\layouts\default.md'
2025-02-08T07:23:36.198Z - warn: You might have an invalid hash for intra-link! Ignore this warning if it was intended.'
  /index.html#project-2' found in file 'E:\cyx-portfolio\_markbind\layouts\default.md'
2025-02-08T07:23:36.198Z - warn: You might have an invalid hash for intra-link! Ignore this warning if it was intended.'
  /index.html#other-projects' found in file 'E:\cyx-portfolio\_markbind\layouts\default.md'
2025-02-08T07:23:36.199Z - info: Pages built
2025-02-08T07:23:36.305Z - info: Site data built
2025-02-08T07:23:36.305Z - info: Website generation complete! Total build time: 0.351s
2025-02-08T07:23:36.323Z - info: Serving "E:\cyx-portfolio\_site" at http://127.0.0.1:8080
2025-02-08T07:23:36.323Z - info: Press CTRL+C to stop ...
2025-02-08T07:25:03.665Z - info: [3:25:03 pm] Reload for file change: E:\cyx-portfolio\_markbind\variables.md
2025-02-08T07:25:04.677Z - warn: Rebuilding all pages as variables file was changed, or the --force-reload flag was set
2025-02-08T07:25:04.678Z - info: Rebuilding 1 pages
2025-02-08T07:25:04.746Z - info: Site data built
2025-02-08T07:25:04.747Z - info: Pages rebuilt
2025-02-08T07:25:04.747Z - info: Website regeneration complete! Total build time: 0.072s
2025-02-08T07:26:00.094Z - info: [3:26:00 pm] Reload for file change: E:\cyx-portfolio\index.md
2025-02-08T07:26:01.103Z - info: Rebuilding 1 pages
2025-02-08T07:26:01.149Z - info: Site data built
2025-02-08T07:26:01.150Z - info: Pages rebuilt
2025-02-08T07:26:01.150Z - info: Website regeneration complete! Total build time: 0.048s
2025-02-08T07:29:32.246Z - info: [3:29:32 pm] Reload for file change: E:\cyx-portfolio\contents\skills.md
2025-02-08T07:29:33.259Z - info: Rebuilding 1 pages
2025-02-08T07:29:33.297Z - info: Site data built
2025-02-08T07:29:33.297Z - info: Pages rebuilt
2025-02-08T07:29:33.297Z - info: Website regeneration complete! Total build time: 0.04s
2025-02-08T07:29:41.784Z - info: [3:29:41 pm] Reload for file change: E:\cyx-portfolio\_markbind\variables.md
2025-02-08T07:29:42.788Z - warn: Rebuilding all pages as variables file was changed, or the --force-reload flag was set
2025-02-08T07:29:42.788Z - info: Rebuilding 1 pages
2025-02-08T07:29:42.838Z - info: Site data built
2025-02-08T07:29:42.838Z - info: Pages rebuilt
2025-02-08T07:29:42.838Z - info: Website regeneration complete! Total build time: 0.052s
2025-02-08T07:29:45.662Z - info: [3:29:45 pm] Reload for file change: E:\cyx-portfolio\_markbind\variables.md
2025-02-08T07:29:46.681Z - warn: Rebuilding all pages as variables file was changed, or the --force-reload flag was set
2025-02-08T07:29:46.681Z - info: Rebuilding 1 pages
2025-02-08T07:29:46.716Z - info: Site data built
2025-02-08T07:29:46.716Z - info: Pages rebuilt
2025-02-08T07:29:46.717Z - info: Website regeneration complete! Total build time: 0.039s
2025-02-08T07:29:53.889Z - info: [3:29:53 pm] Reload for file change: E:\cyx-portfolio\_markbind\variables.md
2025-02-08T07:29:54.909Z - warn: Rebuilding all pages as variables file was changed, or the --force-reload flag was set
2025-02-08T07:29:54.910Z - info: Rebuilding 1 pages
2025-02-08T07:29:54.942Z - info: Site data built
2025-02-08T07:29:54.942Z - info: Pages rebuilt
2025-02-08T07:29:54.943Z - info: Website regeneration complete! Total build time: 0.035s
2025-02-08T07:29:58.775Z - info: [3:29:58 pm] Reload for file change: E:\cyx-portfolio\_markbind\variables.md
2025-02-08T07:29:59.787Z - warn: Rebuilding all pages as variables file was changed, or the --force-reload flag was set
2025-02-08T07:29:59.788Z - info: Rebuilding 1 pages
2025-02-08T07:29:59.823Z - info: Site data built
2025-02-08T07:29:59.823Z - info: Pages rebuilt
2025-02-08T07:29:59.823Z - info: Website regeneration complete! Total build time: 0.037s
2025-02-08T07:30:00.632Z - info: [3:30:00 pm] Reload for file change: E:\cyx-portfolio\_markbind\variables.md
2025-02-08T07:30:01.648Z - warn: Rebuilding all pages as variables file was changed, or the --force-reload flag was set
2025-02-08T07:30:01.648Z - info: Rebuilding 1 pages
2025-02-08T07:30:01.689Z - info: Site data built
2025-02-08T07:30:01.690Z - info: Pages rebuilt
2025-02-08T07:30:01.690Z - info: Website regeneration complete! Total build time: 0.043s
2025-02-08T07:30:02.191Z - info: [3:30:02 pm] Reload for file change: E:\cyx-portfolio\_markbind\variables.md
2025-02-08T07:30:03.203Z - warn: Rebuilding all pages as variables file was changed, or the --force-reload flag was set
2025-02-08T07:30:03.203Z - info: Rebuilding 1 pages
2025-02-08T07:30:03.234Z - info: Site data built
2025-02-08T07:30:03.234Z - info: Pages rebuilt
2025-02-08T07:30:03.234Z - info: Website regeneration complete! Total build time: 0.033s
2025-02-08T07:30:30.271Z - info: [3:30:30 pm] Reload for file change: E:\cyx-portfolio\contents\skills.md
2025-02-08T07:30:31.285Z - info: Rebuilding 1 pages
2025-02-08T07:30:31.323Z - info: Site data built
2025-02-08T07:30:31.323Z - info: Pages rebuilt
2025-02-08T07:30:31.323Z - info: Website regeneration complete! Total build time: 0.039s
2025-02-08T07:31:46.110Z - info: [3:31:46 pm] Reload for file change: E:\cyx-portfolio\_markbind\variables.md
2025-02-08T07:31:47.126Z - warn: Rebuilding all pages as variables file was changed, or the --force-reload flag was set
2025-02-08T07:31:47.127Z - info: Rebuilding 1 pages
2025-02-08T07:31:47.160Z - info: Site data built
2025-02-08T07:31:47.160Z - info: Pages rebuilt
2025-02-08T07:31:47.160Z - info: Website regeneration complete! Total build time: 0.036s
2025-02-08T07:31:49.381Z - info: [3:31:49 pm] Reload for file change: E:\cyx-portfolio\_markbind\variables.md
2025-02-08T07:31:50.393Z - warn: Rebuilding all pages as variables file was changed, or the --force-reload flag was set
2025-02-08T07:31:50.394Z - info: Rebuilding 1 pages
2025-02-08T07:31:50.427Z - info: Site data built
2025-02-08T07:31:50.427Z - info: Pages rebuilt
2025-02-08T07:31:50.427Z - info: Website regeneration complete! Total build time: 0.035s
2025-02-08T07:31:51.757Z - info: [3:31:51 pm] Reload for file change: E:\cyx-portfolio\_markbind\variables.md
2025-02-08T07:31:52.772Z - warn: Rebuilding all pages as variables file was changed, or the --force-reload flag was set
2025-02-08T07:31:52.773Z - info: Rebuilding 1 pages
2025-02-08T07:31:52.796Z - info: Site data built
2025-02-08T07:31:52.796Z - info: Pages rebuilt
2025-02-08T07:31:52.796Z - info: Website regeneration complete! Total build time: 0.026s
2025-02-08T07:31:58.264Z - info: [3:31:58 pm] Reload for file change: E:\cyx-portfolio\_markbind\variables.md
2025-02-08T07:31:59.266Z - warn: Rebuilding all pages as variables file was changed, or the --force-reload flag was set
2025-02-08T07:31:59.267Z - info: Rebuilding 1 pages
2025-02-08T07:31:59.294Z - info: Site data built
2025-02-08T07:31:59.294Z - info: Pages rebuilt
2025-02-08T07:31:59.294Z - info: Website regeneration complete! Total build time: 0.029s
2025-02-08T07:33:04.363Z - info: [3:33:04 pm] Reload for file add: E:\cyx-portfolio\contents\assets\未确认 833573.crdownload
2025-02-08T07:33:04.486Z - info: [3:33:04 pm] Reload for file add: E:\cyx-portfolio\contents\assets\Python.svg
2025-02-08T07:33:04.593Z - info: [3:33:04 pm] Reload for file deletion: E:\cyx-portfolio\contents\assets\未确认 833573.crdownload
2025-02-08T07:33:04.622Z - info: [3:33:04 pm] Reload for file change: E:\cyx-portfolio\contents\assets\Python.svg
2025-02-08T07:33:05.377Z - error: ENOENT: no such file or directory, stat 'E:\cyx-portfolio\contents\assets\未确认 833573.crdownload'
2025-02-08T07:33:05.377Z - error: ENOENT: no such file or directory, stat 'E:\cyx-portfolio\contents\assets\未确认 833573.crdownload'
2025-02-08T07:33:05.377Z - error: ENOENT: no such file or directory, stat 'E:\cyx-portfolio\contents\assets\未确认 833573.crdownload'
2025-02-08T07:33:05.608Z - debug: Assets removed
2025-02-08T07:33:21.253Z - info: [3:33:21 pm] Reload for file change: E:\cyx-portfolio\_markbind\variables.md
2025-02-08T07:33:22.261Z - warn: Rebuilding all pages as variables file was changed, or the --force-reload flag was set
2025-02-08T07:33:22.261Z - info: Rebuilding 1 pages
2025-02-08T07:33:22.296Z - info: Site data built
2025-02-08T07:33:22.297Z - info: Pages rebuilt
2025-02-08T07:33:22.297Z - info: Website regeneration complete! Total build time: 0.038s
2025-02-08T07:33:45.512Z - info: Website generation started at 3:33:45 pm
2025-02-08T07:33:45.558Z - info: Building assets...
2025-02-08T07:33:45.581Z - info: Assets built
2025-02-08T07:33:45.582Z - info: Generating pages...
2025-02-08T07:33:45.675Z - warn: You might have an invalid hash for intra-link! Ignore this warning if it was intended.'
  /index.html#skills' found in file 'E:\cyx-portfolio\_markbind\layouts\default.md'
2025-02-08T07:33:45.676Z - warn: You might have an invalid hash for intra-link! Ignore this warning if it was intended.'
  /index.html#experience' found in file 'E:\cyx-portfolio\_markbind\layouts\default.md'
2025-02-08T07:33:45.676Z - warn: You might have an invalid hash for intra-link! Ignore this warning if it was intended.'
  /index.html#project-1' found in file 'E:\cyx-portfolio\_markbind\layouts\default.md'
2025-02-08T07:33:45.676Z - warn: You might have an invalid hash for intra-link! Ignore this warning if it was intended.'
  /index.html#project-2' found in file 'E:\cyx-portfolio\_markbind\layouts\default.md'
2025-02-08T07:33:45.677Z - warn: You might have an invalid hash for intra-link! Ignore this warning if it was intended.'
  /index.html#other-projects' found in file 'E:\cyx-portfolio\_markbind\layouts\default.md'
2025-02-08T07:33:45.678Z - info: Pages built
2025-02-08T07:33:45.792Z - info: Site data built
2025-02-08T07:33:45.792Z - info: Website generation complete! Total build time: 0.326s
2025-02-08T07:33:45.811Z - info: Serving "E:\cyx-portfolio\_site" at http://127.0.0.1:8080
2025-02-08T07:33:45.811Z - info: Press CTRL+C to stop ...
2025-02-08T07:34:09.331Z - info: [3:34:09 pm] Reload for file change: E:\cyx-portfolio\_markbind\variables.md
2025-02-08T07:34:10.340Z - warn: Rebuilding all pages as variables file was changed, or the --force-reload flag was set
2025-02-08T07:34:10.340Z - info: Rebuilding 1 pages
2025-02-08T07:34:10.385Z - info: Site data built
2025-02-08T07:34:10.385Z - info: Pages rebuilt
2025-02-08T07:34:10.385Z - info: Website regeneration complete! Total build time: 0.047s
2025-02-08T07:34:16.602Z - info: [3:34:16 pm] Reload for file change: E:\cyx-portfolio\_markbind\variables.md
2025-02-08T07:34:17.605Z - warn: Rebuilding all pages as variables file was changed, or the --force-reload flag was set
2025-02-08T07:34:17.606Z - info: Rebuilding 1 pages
2025-02-08T07:34:17.637Z - info: Site data built
2025-02-08T07:34:17.637Z - info: Pages rebuilt
2025-02-08T07:34:17.638Z - info: Website regeneration complete! Total build time: 0.034s
2025-02-08T07:34:37.550Z - info: [3:34:37 pm] Reload for file change: E:\cyx-portfolio\contents\skills.md
2025-02-08T07:34:38.552Z - info: Rebuilding 1 pages
2025-02-08T07:34:38.601Z - info: Site data built
2025-02-08T07:34:38.602Z - info: Pages rebuilt
2025-02-08T07:34:38.603Z - info: Website regeneration complete! Total build time: 0.051s
2025-02-08T07:34:46.040Z - info: [3:34:46 pm] Reload for file change: E:\cyx-portfolio\contents\skills.md
2025-02-08T07:34:47.049Z - info: Rebuilding 1 pages
2025-02-08T07:34:47.089Z - info: Site data built
2025-02-08T07:34:47.089Z - info: Pages rebuilt
2025-02-08T07:34:47.089Z - info: Website regeneration complete! Total build time: 0.041s
2025-02-08T07:35:07.753Z - info: [3:35:07 pm] Reload for file change: E:\cyx-portfolio\_markbind\variables.md
2025-02-08T07:35:08.769Z - warn: Rebuilding all pages as variables file was changed, or the --force-reload flag was set
2025-02-08T07:35:08.770Z - info: Rebuilding 1 pages
2025-02-08T07:35:08.810Z - info: Site data built
2025-02-08T07:35:08.810Z - info: Pages rebuilt
2025-02-08T07:35:08.810Z - info: Website regeneration complete! Total build time: 0.044s
2025-02-08T07:35:53.816Z - info: Website generation started at 3:35:53 pm
2025-02-08T07:35:53.862Z - info: Building assets...
2025-02-08T07:35:53.879Z - info: Assets built
2025-02-08T07:35:53.880Z - info: Generating pages...
2025-02-08T07:35:53.976Z - warn: You might have an invalid hash for intra-link! Ignore this warning if it was intended.'
  /index.html#skills' found in file 'E:\cyx-portfolio\_markbind\layouts\default.md'
2025-02-08T07:35:53.976Z - warn: You might have an invalid hash for intra-link! Ignore this warning if it was intended.'
  /index.html#experience' found in file 'E:\cyx-portfolio\_markbind\layouts\default.md'
2025-02-08T07:35:53.977Z - warn: You might have an invalid hash for intra-link! Ignore this warning if it was intended.'
  /index.html#project-1' found in file 'E:\cyx-portfolio\_markbind\layouts\default.md'
2025-02-08T07:35:53.977Z - warn: You might have an invalid hash for intra-link! Ignore this warning if it was intended.'
  /index.html#project-2' found in file 'E:\cyx-portfolio\_markbind\layouts\default.md'
2025-02-08T07:35:53.978Z - warn: You might have an invalid hash for intra-link! Ignore this warning if it was intended.'
  /index.html#other-projects' found in file 'E:\cyx-portfolio\_markbind\layouts\default.md'
2025-02-08T07:35:53.979Z - info: Pages built
2025-02-08T07:35:54.086Z - info: Site data built
2025-02-08T07:35:54.086Z - info: Website generation complete! Total build time: 0.316s
2025-02-08T07:35:54.104Z - info: Serving "E:\cyx-portfolio\_site" at http://127.0.0.1:8080
2025-02-08T07:35:54.104Z - info: Press CTRL+C to stop ...
2025-02-08T07:38:06.134Z - info: [3:38:06 pm] Reload for file change: E:\cyx-portfolio\_markbind\variables.md
2025-02-08T07:38:07.147Z - warn: Rebuilding all pages as variables file was changed, or the --force-reload flag was set
2025-02-08T07:38:07.147Z - info: Rebuilding 1 pages
2025-02-08T07:38:07.198Z - info: Site data built
2025-02-08T07:38:07.198Z - info: Pages rebuilt
2025-02-08T07:38:07.198Z - info: Website regeneration complete! Total build time: 0.054s
2025-02-08T07:38:17.004Z - info: [3:38:17 pm] Reload for file change: E:\cyx-portfolio\_markbind\variables.md
2025-02-08T07:38:18.012Z - warn: Rebuilding all pages as variables file was changed, or the --force-reload flag was set
2025-02-08T07:38:18.013Z - info: Rebuilding 1 pages
2025-02-08T07:38:18.046Z - info: Site data built
2025-02-08T07:38:18.046Z - info: Pages rebuilt
2025-02-08T07:38:18.046Z - info: Website regeneration complete! Total build time: 0.036s
2025-02-08T07:38:44.199Z - info: [3:38:44 pm] Reload for file change: E:\cyx-portfolio\_markbind\variables.md
2025-02-08T07:38:45.209Z - warn: Rebuilding all pages as variables file was changed, or the --force-reload flag was set
2025-02-08T07:38:45.209Z - info: Rebuilding 1 pages
2025-02-08T07:38:45.250Z - info: Site data built
2025-02-08T07:38:45.250Z - info: Pages rebuilt
2025-02-08T07:38:45.250Z - info: Website regeneration complete! Total build time: 0.043s
2025-02-08T07:38:47.514Z - info: [3:38:47 pm] Reload for file change: E:\cyx-portfolio\_markbind\variables.md
2025-02-08T07:38:48.524Z - warn: Rebuilding all pages as variables file was changed, or the --force-reload flag was set
2025-02-08T07:38:48.525Z - info: Rebuilding 1 pages
2025-02-08T07:38:48.559Z - info: Site data built
2025-02-08T07:38:48.560Z - info: Pages rebuilt
2025-02-08T07:38:48.560Z - info: Website regeneration complete! Total build time: 0.038s
2025-02-08T07:38:49.290Z - info: [3:38:49 pm] Reload for file change: E:\cyx-portfolio\_markbind\variables.md
2025-02-08T07:38:50.303Z - warn: Rebuilding all pages as variables file was changed, or the --force-reload flag was set
2025-02-08T07:38:50.304Z - info: Rebuilding 1 pages
2025-02-08T07:38:50.346Z - info: Site data built
2025-02-08T07:38:50.346Z - info: Pages rebuilt
2025-02-08T07:38:50.346Z - info: Website regeneration complete! Total build time: 0.045s
2025-02-08T07:40:29.129Z - info: [3:40:29 pm] Reload for file add: E:\cyx-portfolio\contents\assets\未确认 410379.crdownload
2025-02-08T07:40:29.245Z - info: [3:40:29 pm] Reload for file change: E:\cyx-portfolio\contents\assets\Python.svg
2025-02-08T07:40:29.354Z - info: [3:40:29 pm] Reload for file deletion: E:\cyx-portfolio\contents\assets\未确认 410379.crdownload
2025-02-08T07:40:29.369Z - info: [3:40:29 pm] Reload for file change: E:\cyx-portfolio\contents\assets\Python.svg
2025-02-08T07:40:30.144Z - error: ENOENT: no such file or directory, stat 'E:\cyx-portfolio\contents\assets\未确认 410379.crdownload'
2025-02-08T07:40:30.145Z - error: ENOENT: no such file or directory, stat 'E:\cyx-portfolio\contents\assets\未确认 410379.crdownload'
2025-02-08T07:40:30.145Z - error: ENOENT: no such file or directory, stat 'E:\cyx-portfolio\contents\assets\未确认 410379.crdownload'
2025-02-08T07:40:30.371Z - debug: Assets removed
2025-02-08T07:40:40.398Z - info: [3:40:40 pm] Reload for file change: E:\cyx-portfolio\_markbind\variables.md
2025-02-08T07:40:41.414Z - warn: Rebuilding all pages as variables file was changed, or the --force-reload flag was set
2025-02-08T07:40:41.414Z - info: Rebuilding 1 pages
2025-02-08T07:40:41.447Z - info: Site data built
2025-02-08T07:40:41.448Z - info: Pages rebuilt
2025-02-08T07:40:41.448Z - info: Website regeneration complete! Total build time: 0.036s
2025-02-08T07:40:43.636Z - info: [3:40:43 pm] Reload for file change: E:\cyx-portfolio\_markbind\variables.md
2025-02-08T07:40:44.653Z - warn: Rebuilding all pages as variables file was changed, or the --force-reload flag was set
2025-02-08T07:40:44.653Z - info: Rebuilding 1 pages
2025-02-08T07:40:44.680Z - info: Site data built
2025-02-08T07:40:44.680Z - info: Pages rebuilt
2025-02-08T07:40:44.681Z - info: Website regeneration complete! Total build time: 0.028s
2025-02-08T07:41:33.449Z - info: [3:41:33 pm] Reload for file add: E:\cyx-portfolio\contents\assets\未确认 727002.crdownload
2025-02-08T07:41:33.452Z - error: ENOENT: no such file or directory, stat 'E:\cyx-portfolio\contents\assets\未确认 410379.crdownload'
2025-02-08T07:41:33.606Z - info: [3:41:33 pm] Reload for file change: E:\cyx-portfolio\contents\assets\Python.svg
2025-02-08T07:41:33.606Z - error: ENOENT: no such file or directory, stat 'E:\cyx-portfolio\contents\assets\未确认 410379.crdownload'
2025-02-08T07:41:33.714Z - info: [3:41:33 pm] Reload for file deletion: E:\cyx-portfolio\contents\assets\未确认 727002.crdownload
2025-02-08T07:41:33.736Z - info: [3:41:33 pm] Reload for file change: E:\cyx-portfolio\contents\assets\Python.svg
2025-02-08T07:41:33.736Z - error: ENOENT: no such file or directory, stat 'E:\cyx-portfolio\contents\assets\未确认 410379.crdownload'
2025-02-08T07:41:34.719Z - debug: Assets removed
2025-02-08T07:42:10.061Z - info: [3:42:10 pm] Reload for file add: E:\cyx-portfolio\contents\assets\未确认 746201.crdownload
2025-02-08T07:42:10.065Z - error: ENOENT: no such file or directory, stat 'E:\cyx-portfolio\contents\assets\未确认 410379.crdownload'
2025-02-08T07:42:10.152Z - info: [3:42:10 pm] Reload for file change: E:\cyx-portfolio\contents\assets\Python.svg
2025-02-08T07:42:10.153Z - error: ENOENT: no such file or directory, stat 'E:\cyx-portfolio\contents\assets\未确认 410379.crdownload'
2025-02-08T07:42:10.263Z - info: [3:42:10 pm] Reload for file deletion: E:\cyx-portfolio\contents\assets\未确认 746201.crdownload
2025-02-08T07:42:10.284Z - info: [3:42:10 pm] Reload for file change: E:\cyx-portfolio\contents\assets\Python.svg
2025-02-08T07:42:10.284Z - error: ENOENT: no such file or directory, stat 'E:\cyx-portfolio\contents\assets\未确认 410379.crdownload'
2025-02-08T07:42:11.272Z - debug: Assets removed
2025-02-08T07:42:34.913Z - info: [3:42:34 pm] Reload for file add: E:\cyx-portfolio\contents\assets\未确认 220030.crdownload
2025-02-08T07:42:34.915Z - error: ENOENT: no such file or directory, stat 'E:\cyx-portfolio\contents\assets\未确认 410379.crdownload'
2025-02-08T07:42:34.988Z - info: [3:42:34 pm] Reload for file change: E:\cyx-portfolio\contents\assets\Python.svg
2025-02-08T07:42:34.989Z - error: ENOENT: no such file or directory, stat 'E:\cyx-portfolio\contents\assets\未确认 410379.crdownload'
2025-02-08T07:42:35.112Z - info: [3:42:35 pm] Reload for file deletion: E:\cyx-portfolio\contents\assets\未确认 220030.crdownload
2025-02-08T07:42:35.131Z - info: [3:42:35 pm] Reload for file change: E:\cyx-portfolio\contents\assets\Python.svg
2025-02-08T07:42:35.131Z - error: ENOENT: no such file or directory, stat 'E:\cyx-portfolio\contents\assets\未确认 410379.crdownload'
2025-02-08T07:42:36.129Z - debug: Assets removed
2025-02-08T07:43:17.306Z - info: Website generation started at 3:43:17 pm
2025-02-08T07:43:17.353Z - info: Building assets...
2025-02-08T07:43:17.370Z - info: Assets built
2025-02-08T07:43:17.371Z - info: Generating pages...
2025-02-08T07:43:17.464Z - warn: You might have an invalid hash for intra-link! Ignore this warning if it was intended.'
  /index.html#skills' found in file 'E:\cyx-portfolio\_markbind\layouts\default.md'
2025-02-08T07:43:17.464Z - warn: You might have an invalid hash for intra-link! Ignore this warning if it was intended.'
  /index.html#experience' found in file 'E:\cyx-portfolio\_markbind\layouts\default.md'
2025-02-08T07:43:17.465Z - warn: You might have an invalid hash for intra-link! Ignore this warning if it was intended.'
  /index.html#project-1' found in file 'E:\cyx-portfolio\_markbind\layouts\default.md'
2025-02-08T07:43:17.465Z - warn: You might have an invalid hash for intra-link! Ignore this warning if it was intended.'
  /index.html#project-2' found in file 'E:\cyx-portfolio\_markbind\layouts\default.md'
2025-02-08T07:43:17.465Z - warn: You might have an invalid hash for intra-link! Ignore this warning if it was intended.'
  /index.html#other-projects' found in file 'E:\cyx-portfolio\_markbind\layouts\default.md'
2025-02-08T07:43:17.466Z - info: Pages built
2025-02-08T07:43:17.572Z - info: Site data built
2025-02-08T07:43:17.572Z - info: Website generation complete! Total build time: 0.312s
2025-02-08T07:43:17.590Z - info: Serving "E:\cyx-portfolio\_site" at http://127.0.0.1:8080
2025-02-08T07:43:17.590Z - info: Press CTRL+C to stop ...
2025-02-08T07:43:33.149Z - info: [3:43:33 pm] Reload for file change: E:\cyx-portfolio\contents\skills.md
2025-02-08T07:43:34.167Z - info: Rebuilding 1 pages
2025-02-08T07:43:34.214Z - info: Site data built
2025-02-08T07:43:34.215Z - info: Pages rebuilt
2025-02-08T07:43:34.215Z - info: Website regeneration complete! Total build time: 0.05s
2025-02-08T07:44:01.191Z - info: [3:44:01 pm] Reload for file add: E:\cyx-portfolio\contents\assets\未确认 653910.crdownload
2025-02-08T07:44:01.357Z - info: [3:44:01 pm] Reload for file add: E:\cyx-portfolio\contents\assets\react.svg
2025-02-08T07:44:01.466Z - info: [3:44:01 pm] Reload for file deletion: E:\cyx-portfolio\contents\assets\未确认 653910.crdownload
2025-02-08T07:44:01.499Z - info: [3:44:01 pm] Reload for file change: E:\cyx-portfolio\contents\assets\react.svg
2025-02-08T07:44:02.213Z - error: ENOENT: no such file or directory, stat 'E:\cyx-portfolio\contents\assets\未确认 653910.crdownload'
2025-02-08T07:44:02.213Z - error: ENOENT: no such file or directory, stat 'E:\cyx-portfolio\contents\assets\未确认 653910.crdownload'
2025-02-08T07:44:02.213Z - error: ENOENT: no such file or directory, stat 'E:\cyx-portfolio\contents\assets\未确认 653910.crdownload'
2025-02-08T07:44:02.477Z - debug: Assets removed
2025-02-08T07:44:48.708Z - info: [3:44:48 pm] Reload for file add: E:\cyx-portfolio\contents\assets\未确认 940235.crdownload
2025-02-08T07:44:48.712Z - error: ENOENT: no such file or directory, stat 'E:\cyx-portfolio\contents\assets\未确认 653910.crdownload'
2025-02-08T07:44:48.791Z - info: [3:44:48 pm] Reload for file add: E:\cyx-portfolio\contents\assets\Clang.svg
2025-02-08T07:44:48.795Z - error: ENOENT: no such file or directory, stat 'E:\cyx-portfolio\contents\assets\未确认 653910.crdownload'
2025-02-08T07:44:48.892Z - info: [3:44:48 pm] Reload for file deletion: E:\cyx-portfolio\contents\assets\未确认 940235.crdownload
2025-02-08T07:44:48.929Z - info: [3:44:48 pm] Reload for file change: E:\cyx-portfolio\contents\assets\Clang.svg
2025-02-08T07:44:48.930Z - error: ENOENT: no such file or directory, stat 'E:\cyx-portfolio\contents\assets\未确认 653910.crdownload'
2025-02-08T07:44:49.897Z - debug: Assets removed
2025-02-08T08:32:45.880Z - info: Website generation started at 4:32:45 pm
2025-02-08T08:32:45.933Z - info: Building assets...
2025-02-08T08:32:45.958Z - info: Assets built
2025-02-08T08:32:45.959Z - info: Generating pages...
2025-02-08T08:32:46.054Z - warn: You might have an invalid hash for intra-link! Ignore this warning if it was intended.'
  /index.html#skills' found in file 'E:\cyx-portfolio\_markbind\layouts\default.md'
2025-02-08T08:32:46.054Z - warn: You might have an invalid hash for intra-link! Ignore this warning if it was intended.'
  /index.html#experience' found in file 'E:\cyx-portfolio\_markbind\layouts\default.md'
2025-02-08T08:32:46.055Z - warn: You might have an invalid hash for intra-link! Ignore this warning if it was intended.'
  /index.html#project-1' found in file 'E:\cyx-portfolio\_markbind\layouts\default.md'
2025-02-08T08:32:46.055Z - warn: You might have an invalid hash for intra-link! Ignore this warning if it was intended.'
  /index.html#project-2' found in file 'E:\cyx-portfolio\_markbind\layouts\default.md'
2025-02-08T08:32:46.056Z - warn: You might have an invalid hash for intra-link! Ignore this warning if it was intended.'
  /index.html#other-projects' found in file 'E:\cyx-portfolio\_markbind\layouts\default.md'
2025-02-08T08:32:46.057Z - info: Pages built
2025-02-08T08:32:46.185Z - info: Site data built
2025-02-08T08:32:46.186Z - info: Website generation complete! Total build time: 0.358s
2025-02-08T08:32:46.203Z - info: Serving "E:\cyx-portfolio\_site" at http://127.0.0.1:8080
2025-02-08T08:32:46.203Z - info: Press CTRL+C to stop ...
2025-02-08T08:33:17.974Z - info: [4:33:17 pm] Reload for file change: E:\cyx-portfolio\index.md
2025-02-08T08:33:18.994Z - info: Rebuilding 1 pages
2025-02-08T08:33:19.046Z - info: Site data built
2025-02-08T08:33:19.047Z - info: Pages rebuilt
2025-02-08T08:33:19.047Z - info: Website regeneration complete! Total build time: 0.055s
2025-02-08T08:33:21.612Z - info: [4:33:21 pm] Reload for file change: E:\cyx-portfolio\index.md
2025-02-08T08:33:22.619Z - info: Rebuilding 1 pages
2025-02-08T08:33:22.653Z - info: Site data built
2025-02-08T08:33:22.653Z - info: Pages rebuilt
2025-02-08T08:33:22.654Z - info: Website regeneration complete! Total build time: 0.035s
2025-02-08T08:33:43.949Z - info: [4:33:43 pm] Reload for file change: E:\cyx-portfolio\index.md
2025-02-08T08:33:44.967Z - info: Rebuilding 1 pages
2025-02-08T08:33:45.001Z - info: Site data built
2025-02-08T08:33:45.002Z - info: Pages rebuilt
2025-02-08T08:33:45.002Z - info: Website regeneration complete! Total build time: 0.036s
2025-02-08T08:34:00.824Z - info: [4:34:00 pm] Reload for file change: E:\cyx-portfolio\index.md
2025-02-08T08:34:01.848Z - info: Rebuilding 1 pages
2025-02-08T08:34:01.881Z - info: Site data built
2025-02-08T08:34:01.881Z - info: Pages rebuilt
2025-02-08T08:34:01.881Z - info: Website regeneration complete! Total build time: 0.034s
2025-02-08T08:34:38.293Z - info: [4:34:38 pm] Reload for file add: E:\cyx-portfolio\contents\assets\Resume_chen_yixun_2024.pdf
2025-02-08T08:34:39.320Z - info: Assets built
2025-02-08T08:34:53.811Z - info: [4:34:53 pm] Reload for file change: E:\cyx-portfolio\index.md
2025-02-08T08:34:54.823Z - info: Rebuilding 1 pages
2025-02-08T08:34:54.864Z - info: Site data built
2025-02-08T08:34:54.864Z - info: Pages rebuilt
2025-02-08T08:34:54.864Z - info: Website regeneration complete! Total build time: 0.043s
2025-02-08T08:38:12.811Z - info: [4:38:12 pm] Reload for file add: E:\cyx-portfolio\contents\assets\CYX.jpg
2025-02-08T08:38:13.834Z - info: Assets built
2025-02-08T08:39:44.736Z - info: [4:39:44 pm] Reload for file add: E:\cyx-portfolio\contents\assets\CYX.png
2025-02-08T08:39:44.845Z - info: [4:39:44 pm] Reload for file deletion: E:\cyx-portfolio\contents\assets\CYX.jpg
2025-02-08T08:39:45.750Z - info: Assets built
2025-02-08T08:39:45.852Z - debug: Assets removed
2025-02-08T08:39:59.489Z - info: [4:39:59 pm] Reload for file change: E:\cyx-portfolio\index.md
2025-02-08T08:40:00.491Z - info: Rebuilding 1 pages
2025-02-08T08:40:00.528Z - info: Site data built
2025-02-08T08:40:00.529Z - info: Pages rebuilt
2025-02-08T08:40:00.529Z - info: Website regeneration complete! Total build time: 0.038s
2025-02-08T08:43:15.992Z - info: [4:43:15 pm] Reload for file change: E:\cyx-portfolio\index.md
2025-02-08T08:43:16.999Z - info: Rebuilding 1 pages
2025-02-08T08:43:17.032Z - info: Site data built
2025-02-08T08:43:17.032Z - info: Pages rebuilt
2025-02-08T08:43:17.032Z - info: Website regeneration complete! Total build time: 0.035s
2025-02-08T08:43:19.104Z - info: [4:43:19 pm] Reload for file change: E:\cyx-portfolio\index.md
2025-02-08T08:43:20.115Z - info: Rebuilding 1 pages
2025-02-08T08:43:20.148Z - info: Site data built
2025-02-08T08:43:20.148Z - info: Pages rebuilt
2025-02-08T08:43:20.148Z - info: Website regeneration complete! Total build time: 0.033s
2025-02-08T08:43:54.328Z - info: [4:43:54 pm] Reload for file change: E:\cyx-portfolio\contents\skills.md
2025-02-08T08:43:55.341Z - info: Rebuilding 1 pages
2025-02-08T08:43:55.377Z - info: Site data built
2025-02-08T08:43:55.378Z - info: Pages rebuilt
2025-02-08T08:43:55.378Z - info: Website regeneration complete! Total build time: 0.038s
2025-02-08T08:44:31.427Z - info: [4:44:31 pm] Reload for file change: E:\cyx-portfolio\contents\experience.md
2025-02-08T08:44:32.441Z - info: Rebuilding 1 pages
2025-02-08T08:44:32.473Z - info: Site data built
2025-02-08T08:44:32.474Z - info: Pages rebuilt
2025-02-08T08:44:32.474Z - info: Website regeneration complete! Total build time: 0.034s
2025-02-08T08:44:37.716Z - info: [4:44:37 pm] Reload for file change: E:\cyx-portfolio\contents\experience.md
2025-02-08T08:44:38.724Z - info: Rebuilding 1 pages
2025-02-08T08:44:38.768Z - info: Site data built
2025-02-08T08:44:38.768Z - info: Pages rebuilt
2025-02-08T08:44:38.769Z - info: Website regeneration complete! Total build time: 0.044s
2025-02-08T08:44:39.899Z - info: [4:44:39 pm] Reload for file change: E:\cyx-portfolio\contents\experience.md
2025-02-08T08:44:40.919Z - info: Rebuilding 1 pages
2025-02-08T08:44:40.951Z - info: Site data built
2025-02-08T08:44:40.951Z - info: Pages rebuilt
2025-02-08T08:44:40.951Z - info: Website regeneration complete! Total build time: 0.033s
2025-02-08T08:44:50.539Z - info: [4:44:50 pm] Reload for file change: E:\cyx-portfolio\contents\experience.md
2025-02-08T08:44:51.542Z - info: Rebuilding 1 pages
2025-02-08T08:44:51.574Z - info: Site data built
2025-02-08T08:44:51.574Z - info: Pages rebuilt
2025-02-08T08:44:51.574Z - info: Website regeneration complete! Total build time: 0.032s
2025-02-08T08:44:59.821Z - info: [4:44:59 pm] Reload for file change: E:\cyx-portfolio\contents\experience.md
2025-02-08T08:45:00.824Z - info: Rebuilding 1 pages
2025-02-08T08:45:00.858Z - info: Site data built
2025-02-08T08:45:00.858Z - info: Pages rebuilt
2025-02-08T08:45:00.859Z - info: Website regeneration complete! Total build time: 0.036s
2025-02-08T08:45:07.159Z - info: [4:45:07 pm] Reload for file change: E:\cyx-portfolio\contents\experience.md
2025-02-08T08:45:08.174Z - info: Rebuilding 1 pages
2025-02-08T08:45:08.210Z - info: Site data built
2025-02-08T08:45:08.211Z - info: Pages rebuilt
2025-02-08T08:45:08.211Z - info: Website regeneration complete! Total build time: 0.045s
2025-02-08T08:45:11.241Z - info: [4:45:11 pm] Reload for file change: E:\cyx-portfolio\contents\experience.md
2025-02-08T08:45:12.256Z - info: Rebuilding 1 pages
2025-02-08T08:45:12.282Z - info: Site data built
2025-02-08T08:45:12.283Z - info: Pages rebuilt
2025-02-08T08:45:12.283Z - info: Website regeneration complete! Total build time: 0.028s
2025-02-08T08:45:18.518Z - info: [4:45:18 pm] Reload for file change: E:\cyx-portfolio\contents\experience.md
2025-02-08T08:45:19.529Z - info: Rebuilding 1 pages
2025-02-08T08:45:19.562Z - info: Site data built
2025-02-08T08:45:19.562Z - info: Pages rebuilt
2025-02-08T08:45:19.562Z - info: Website regeneration complete! Total build time: 0.034s
2025-02-08T08:45:24.979Z - info: [4:45:24 pm] Reload for file change: E:\cyx-portfolio\contents\experience.md
2025-02-08T08:45:25.980Z - info: Rebuilding 1 pages
2025-02-08T08:45:26.010Z - info: Site data built
2025-02-08T08:45:26.010Z - info: Pages rebuilt
2025-02-08T08:45:26.010Z - info: Website regeneration complete! Total build time: 0.03s
2025-02-08T08:45:30.360Z - info: [4:45:30 pm] Reload for file change: E:\cyx-portfolio\contents\experience.md
2025-02-08T08:45:31.365Z - info: Rebuilding 1 pages
2025-02-08T08:45:31.396Z - info: Site data built
2025-02-08T08:45:31.397Z - info: Pages rebuilt
2025-02-08T08:45:31.397Z - info: Website regeneration complete! Total build time: 0.032s
2025-02-08T08:45:32.424Z - info: [4:45:32 pm] Reload for file change: E:\cyx-portfolio\contents\experience.md
2025-02-08T08:45:33.437Z - info: Rebuilding 1 pages
2025-02-08T08:45:33.465Z - info: Site data built
2025-02-08T08:45:33.465Z - info: Pages rebuilt
2025-02-08T08:45:33.465Z - info: Website regeneration complete! Total build time: 0.03s
2025-02-08T08:45:45.015Z - info: [4:45:45 pm] Reload for file change: E:\cyx-portfolio\contents\experience.md
2025-02-08T08:45:46.035Z - info: Rebuilding 1 pages
2025-02-08T08:45:46.066Z - info: Site data built
2025-02-08T08:45:46.066Z - info: Pages rebuilt
2025-02-08T08:45:46.066Z - info: Website regeneration complete! Total build time: 0.051s
2025-02-08T08:45:47.186Z - info: [4:45:47 pm] Reload for file change: E:\cyx-portfolio\contents\experience.md
2025-02-08T08:45:48.195Z - info: Rebuilding 1 pages
2025-02-08T08:45:48.226Z - info: Site data built
2025-02-08T08:45:48.226Z - info: Pages rebuilt
2025-02-08T08:45:48.226Z - info: Website regeneration complete! Total build time: 0.032s
2025-02-08T08:45:51.323Z - info: [4:45:51 pm] Reload for file change: E:\cyx-portfolio\contents\experience.md
2025-02-08T08:45:52.335Z - info: Rebuilding 1 pages
2025-02-08T08:45:52.363Z - info: Site data built
2025-02-08T08:45:52.363Z - info: Pages rebuilt
2025-02-08T08:45:52.363Z - info: Website regeneration complete! Total build time: 0.029s
2025-02-08T08:46:01.039Z - info: [4:46:01 pm] Reload for file change: E:\cyx-portfolio\contents\experience.md
2025-02-08T08:46:02.051Z - info: Rebuilding 1 pages
2025-02-08T08:46:02.081Z - info: Site data built
2025-02-08T08:46:02.081Z - info: Pages rebuilt
2025-02-08T08:46:02.081Z - info: Website regeneration complete! Total build time: 0.03s
2025-02-08T08:46:11.657Z - info: [4:46:11 pm] Reload for file change: E:\cyx-portfolio\contents\experience.md
2025-02-08T08:46:12.663Z - info: Rebuilding 1 pages
2025-02-08T08:46:12.692Z - info: Site data built
2025-02-08T08:46:12.692Z - info: Pages rebuilt
2025-02-08T08:46:12.692Z - info: Website regeneration complete! Total build time: 0.029s
2025-02-08T08:46:12.756Z - info: [4:46:12 pm] Reload for file change: E:\cyx-portfolio\contents\experience.md
2025-02-08T08:46:13.769Z - info: Rebuilding 1 pages
2025-02-08T08:46:13.806Z - info: Site data built
2025-02-08T08:46:13.807Z - info: Pages rebuilt
2025-02-08T08:46:13.807Z - info: Website regeneration complete! Total build time: 0.039s
2025-02-08T08:46:19.175Z - info: [4:46:19 pm] Reload for file change: E:\cyx-portfolio\contents\experience.md
2025-02-08T08:46:20.189Z - info: Rebuilding 1 pages
2025-02-08T08:46:20.220Z - info: Site data built
2025-02-08T08:46:20.221Z - info: Pages rebuilt
2025-02-08T08:46:20.221Z - info: Website regeneration complete! Total build time: 0.033s
2025-02-08T08:46:21.805Z - info: [4:46:21 pm] Reload for file change: E:\cyx-portfolio\contents\experience.md
2025-02-08T08:46:22.821Z - info: Rebuilding 1 pages
2025-02-08T08:46:22.853Z - info: Site data built
2025-02-08T08:46:22.853Z - info: Pages rebuilt
2025-02-08T08:46:22.853Z - info: Website regeneration complete! Total build time: 0.033s
2025-02-08T08:46:24.242Z - info: [4:46:24 pm] Reload for file change: E:\cyx-portfolio\contents\experience.md
2025-02-08T08:46:25.245Z - info: Rebuilding 1 pages
2025-02-08T08:46:25.272Z - info: Site data built
2025-02-08T08:46:25.272Z - info: Pages rebuilt
2025-02-08T08:46:25.272Z - info: Website regeneration complete! Total build time: 0.028s
2025-02-08T08:46:26.492Z - info: [4:46:26 pm] Reload for file change: E:\cyx-portfolio\contents\experience.md
2025-02-08T08:46:27.504Z - info: Rebuilding 1 pages
2025-02-08T08:46:27.530Z - info: Site data built
2025-02-08T08:46:27.531Z - info: Pages rebuilt
2025-02-08T08:46:27.531Z - info: Website regeneration complete! Total build time: 0.028s
2025-02-08T08:46:28.076Z - info: [4:46:28 pm] Reload for file change: E:\cyx-portfolio\contents\experience.md
2025-02-08T08:46:29.087Z - info: Rebuilding 1 pages
2025-02-08T08:46:29.125Z - info: Site data built
2025-02-08T08:46:29.126Z - info: Pages rebuilt
2025-02-08T08:46:29.126Z - info: Website regeneration complete! Total build time: 0.039s
2025-02-08T08:46:37.192Z - info: [4:46:37 pm] Reload for file change: E:\cyx-portfolio\contents\experience.md
2025-02-08T08:46:38.199Z - info: Rebuilding 1 pages
2025-02-08T08:46:38.227Z - info: Site data built
2025-02-08T08:46:38.227Z - info: Pages rebuilt
2025-02-08T08:46:38.227Z - info: Website regeneration complete! Total build time: 0.029s
2025-02-08T08:46:42.322Z - info: [4:46:42 pm] Reload for file change: E:\cyx-portfolio\contents\experience.md
2025-02-08T08:46:43.348Z - info: Rebuilding 1 pages
2025-02-08T08:46:43.375Z - info: Site data built
2025-02-08T08:46:43.375Z - info: Pages rebuilt
2025-02-08T08:46:43.375Z - info: Website regeneration complete! Total build time: 0.028s
2025-02-08T08:46:43.754Z - info: [4:46:43 pm] Reload for file change: E:\cyx-portfolio\contents\experience.md
2025-02-08T08:46:44.767Z - info: Rebuilding 1 pages
2025-02-08T08:46:44.796Z - info: Site data built
2025-02-08T08:46:44.796Z - info: Pages rebuilt
2025-02-08T08:46:44.796Z - info: Website regeneration complete! Total build time: 0.029s
2025-02-08T08:46:47.898Z - info: [4:46:47 pm] Reload for file change: E:\cyx-portfolio\contents\experience.md
2025-02-08T08:46:48.900Z - info: Rebuilding 1 pages
2025-02-08T08:46:48.925Z - info: Site data built
2025-02-08T08:46:48.925Z - info: Pages rebuilt
2025-02-08T08:46:48.925Z - info: Website regeneration complete! Total build time: 0.025s
2025-02-08T08:46:52.035Z - info: [4:46:52 pm] Reload for file change: E:\cyx-portfolio\contents\experience.md
2025-02-08T08:46:53.050Z - info: Rebuilding 1 pages
2025-02-08T08:46:53.076Z - info: Site data built
2025-02-08T08:46:53.076Z - info: Pages rebuilt
2025-02-08T08:46:53.076Z - info: Website regeneration complete! Total build time: 0.026s
2025-02-08T08:47:00.004Z - info: [4:47:00 pm] Reload for file change: E:\cyx-portfolio\contents\experience.md
2025-02-08T08:47:01.021Z - info: Rebuilding 1 pages
2025-02-08T08:47:01.048Z - info: Site data built
2025-02-08T08:47:01.048Z - info: Pages rebuilt
2025-02-08T08:47:01.048Z - info: Website regeneration complete! Total build time: 0.028s
2025-02-08T08:47:09.139Z - info: [4:47:09 pm] Reload for file change: E:\cyx-portfolio\contents\experience.md
2025-02-08T08:47:10.156Z - info: Rebuilding 1 pages
2025-02-08T08:47:10.185Z - info: Site data built
2025-02-08T08:47:10.185Z - info: Pages rebuilt
2025-02-08T08:47:10.185Z - info: Website regeneration complete! Total build time: 0.03s
2025-02-08T08:47:11.566Z - info: [4:47:11 pm] Reload for file change: E:\cyx-portfolio\contents\experience.md
2025-02-08T08:47:12.569Z - info: Rebuilding 1 pages
2025-02-08T08:47:12.610Z - info: Site data built
2025-02-08T08:47:12.610Z - info: Pages rebuilt
2025-02-08T08:47:12.610Z - info: Website regeneration complete! Total build time: 0.041s
2025-02-08T08:47:13.036Z - info: [4:47:13 pm] Reload for file change: E:\cyx-portfolio\contents\experience.md
2025-02-08T08:47:14.044Z - info: Rebuilding 1 pages
2025-02-08T08:47:14.073Z - info: Site data built
2025-02-08T08:47:14.073Z - info: Pages rebuilt
2025-02-08T08:47:14.073Z - info: Website regeneration complete! Total build time: 0.03s
2025-02-08T08:47:19.860Z - info: [4:47:19 pm] Reload for file change: E:\cyx-portfolio\contents\experience.md
2025-02-08T08:47:20.878Z - info: Rebuilding 1 pages
2025-02-08T08:47:20.919Z - info: Site data built
2025-02-08T08:47:20.920Z - info: Pages rebuilt
2025-02-08T08:47:20.920Z - info: Website regeneration complete! Total build time: 0.043s
2025-02-08T08:47:21.419Z - info: [4:47:21 pm] Reload for file change: E:\cyx-portfolio\contents\experience.md
2025-02-08T08:47:22.425Z - info: Rebuilding 1 pages
2025-02-08T08:47:22.475Z - info: Site data built
2025-02-08T08:47:22.475Z - info: Pages rebuilt
2025-02-08T08:47:22.475Z - info: Website regeneration complete! Total build time: 0.051s
2025-02-08T08:47:24.346Z - info: [4:47:24 pm] Reload for file change: E:\cyx-portfolio\contents\experience.md
2025-02-08T08:47:25.359Z - info: Rebuilding 1 pages
2025-02-08T08:47:25.393Z - info: Site data built
2025-02-08T08:47:25.393Z - info: Pages rebuilt
2025-02-08T08:47:25.394Z - info: Website regeneration complete! Total build time: 0.035s
2025-02-08T08:47:35.295Z - info: [4:47:35 pm] Reload for file change: E:\cyx-portfolio\contents\experience.md
2025-02-08T08:47:36.317Z - info: Rebuilding 1 pages
2025-02-08T08:47:36.349Z - info: Site data built
2025-02-08T08:47:36.350Z - info: Pages rebuilt
2025-02-08T08:47:36.350Z - info: Website regeneration complete! Total build time: 0.034s
2025-02-08T08:47:42.733Z - info: [4:47:42 pm] Reload for file change: E:\cyx-portfolio\contents\experience.md
2025-02-08T08:47:43.742Z - info: Rebuilding 1 pages
2025-02-08T08:47:43.776Z - info: Site data built
2025-02-08T08:47:43.776Z - info: Pages rebuilt
2025-02-08T08:47:43.776Z - info: Website regeneration complete! Total build time: 0.035s
2025-02-08T08:47:45.657Z - info: [4:47:45 pm] Reload for file change: E:\cyx-portfolio\contents\experience.md
2025-02-08T08:47:46.665Z - info: Rebuilding 1 pages
2025-02-08T08:47:46.701Z - info: Site data built
2025-02-08T08:47:46.701Z - info: Pages rebuilt
2025-02-08T08:47:46.701Z - info: Website regeneration complete! Total build time: 0.037s
2025-02-08T08:47:47.038Z - info: [4:47:47 pm] Reload for file change: E:\cyx-portfolio\contents\experience.md
2025-02-08T08:47:48.050Z - info: Rebuilding 1 pages
2025-02-08T08:47:48.085Z - info: Site data built
2025-02-08T08:47:48.085Z - info: Pages rebuilt
2025-02-08T08:47:48.086Z - info: Website regeneration complete! Total build time: 0.035s
2025-02-08T08:47:51.373Z - info: [4:47:51 pm] Reload for file change: E:\cyx-portfolio\contents\experience.md
2025-02-08T08:47:52.380Z - info: Rebuilding 1 pages
2025-02-08T08:47:52.413Z - info: Site data built
2025-02-08T08:47:52.413Z - info: Pages rebuilt
2025-02-08T08:47:52.413Z - info: Website regeneration complete! Total build time: 0.034s
2025-02-08T08:47:52.657Z - info: [4:47:52 pm] Reload for file change: E:\cyx-portfolio\contents\experience.md
2025-02-08T08:47:53.663Z - info: Rebuilding 1 pages
2025-02-08T08:47:53.689Z - info: Site data built
2025-02-08T08:47:53.690Z - info: Pages rebuilt
2025-02-08T08:47:53.690Z - info: Website regeneration complete! Total build time: 0.027s
2025-02-08T08:48:00.790Z - info: [4:48:00 pm] Reload for file change: E:\cyx-portfolio\contents\experience.md
2025-02-08T08:48:01.803Z - info: Rebuilding 1 pages
2025-02-08T08:48:01.832Z - info: Site data built
2025-02-08T08:48:01.832Z - info: Pages rebuilt
2025-02-08T08:48:01.832Z - info: Website regeneration complete! Total build time: 0.029s
2025-02-08T08:48:11.222Z - info: [4:48:11 pm] Reload for file change: E:\cyx-portfolio\contents\experience.md
2025-02-08T08:48:12.227Z - info: Rebuilding 1 pages
2025-02-08T08:48:12.259Z - info: Site data built
2025-02-08T08:48:12.259Z - info: Pages rebuilt
2025-02-08T08:48:12.259Z - info: Website regeneration complete! Total build time: 0.032s
2025-02-08T08:48:12.694Z - info: [4:48:12 pm] Reload for file change: E:\cyx-portfolio\contents\experience.md
2025-02-08T08:48:13.702Z - info: Rebuilding 1 pages
2025-02-08T08:48:13.735Z - info: Site data built
2025-02-08T08:48:13.735Z - info: Pages rebuilt
2025-02-08T08:48:13.735Z - info: Website regeneration complete! Total build time: 0.034s
2025-02-08T08:48:14.883Z - info: [4:48:14 pm] Reload for file change: E:\cyx-portfolio\contents\experience.md
2025-02-08T08:48:15.899Z - info: Rebuilding 1 pages
2025-02-08T08:48:15.935Z - info: Site data built
2025-02-08T08:48:15.935Z - info: Pages rebuilt
2025-02-08T08:48:15.935Z - info: Website regeneration complete! Total build time: 0.037s
2025-02-08T08:48:18.513Z - info: [4:48:18 pm] Reload for file change: E:\cyx-portfolio\contents\experience.md
2025-02-08T08:48:19.523Z - info: Rebuilding 1 pages
2025-02-08T08:48:19.548Z - info: Site data built
2025-02-08T08:48:19.549Z - info: Pages rebuilt
2025-02-08T08:48:19.549Z - info: Website regeneration complete! Total build time: 0.027s
2025-02-08T08:48:20.672Z - info: [4:48:20 pm] Reload for file change: E:\cyx-portfolio\contents\experience.md
2025-02-08T08:48:21.678Z - info: Rebuilding 1 pages
2025-02-08T08:48:21.706Z - info: Site data built
2025-02-08T08:48:21.706Z - info: Pages rebuilt
2025-02-08T08:48:21.707Z - info: Website regeneration complete! Total build time: 0.029s
2025-02-08T08:48:23.895Z - info: [4:48:23 pm] Reload for file change: E:\cyx-portfolio\contents\experience.md
2025-02-08T08:48:24.909Z - info: Rebuilding 1 pages
2025-02-08T08:48:24.935Z - info: Site data built
2025-02-08T08:48:24.935Z - info: Pages rebuilt
2025-02-08T08:48:24.935Z - info: Website regeneration complete! Total build time: 0.026s
2025-02-08T08:48:28.464Z - info: [4:48:28 pm] Reload for file change: E:\cyx-portfolio\contents\experience.md
2025-02-08T08:48:29.484Z - info: Rebuilding 1 pages
2025-02-08T08:48:29.524Z - info: Site data built
2025-02-08T08:48:29.524Z - info: Pages rebuilt
2025-02-08T08:48:29.524Z - info: Website regeneration complete! Total build time: 0.04s
2025-02-08T08:48:37.930Z - info: [4:48:37 pm] Reload for file change: E:\cyx-portfolio\contents\experience.md
2025-02-08T08:48:38.934Z - info: Rebuilding 1 pages
2025-02-08T08:48:38.963Z - info: Site data built
2025-02-08T08:48:38.964Z - info: Pages rebuilt
2025-02-08T08:48:38.964Z - info: Website regeneration complete! Total build time: 0.031s
2025-02-08T08:48:39.976Z - info: [4:48:39 pm] Reload for file change: E:\cyx-portfolio\contents\experience.md
2025-02-08T08:48:40.987Z - info: Rebuilding 1 pages
2025-02-08T08:48:41.022Z - info: Site data built
2025-02-08T08:48:41.022Z - info: Pages rebuilt
2025-02-08T08:48:41.022Z - info: Website regeneration complete! Total build time: 0.036s
2025-02-08T08:48:43.842Z - info: [4:48:43 pm] Reload for file change: E:\cyx-portfolio\contents\experience.md
2025-02-08T08:48:44.850Z - info: Rebuilding 1 pages
2025-02-08T08:48:44.877Z - info: Site data built
2025-02-08T08:48:44.877Z - info: Pages rebuilt
2025-02-08T08:48:44.878Z - info: Website regeneration complete! Total build time: 0.028s
2025-02-08T08:48:53.095Z - info: [4:48:53 pm] Reload for file change: E:\cyx-portfolio\contents\experience.md
2025-02-08T08:48:54.102Z - info: Rebuilding 1 pages
2025-02-08T08:48:54.132Z - info: Site data built
2025-02-08T08:48:54.132Z - info: Pages rebuilt
2025-02-08T08:48:54.132Z - info: Website regeneration complete! Total build time: 0.031s
2025-02-08T08:48:57.759Z - info: [4:48:57 pm] Reload for file change: E:\cyx-portfolio\contents\experience.md
2025-02-08T08:48:58.770Z - info: Rebuilding 1 pages
2025-02-08T08:48:58.800Z - info: Site data built
2025-02-08T08:48:58.800Z - info: Pages rebuilt
2025-02-08T08:48:58.800Z - info: Website regeneration complete! Total build time: 0.031s
2025-02-08T08:49:04.436Z - info: [4:49:04 pm] Reload for file change: E:\cyx-portfolio\contents\experience.md
2025-02-08T08:49:05.444Z - info: Rebuilding 1 pages
2025-02-08T08:49:05.483Z - info: Site data built
2025-02-08T08:49:05.483Z - info: Pages rebuilt
2025-02-08T08:49:05.483Z - info: Website regeneration complete! Total build time: 0.04s
2025-02-08T08:49:06.555Z - info: [4:49:06 pm] Reload for file change: E:\cyx-portfolio\contents\experience.md
2025-02-08T08:49:07.565Z - info: Rebuilding 1 pages
2025-02-08T08:49:07.599Z - info: Site data built
2025-02-08T08:49:07.599Z - info: Pages rebuilt
2025-02-08T08:49:07.599Z - info: Website regeneration complete! Total build time: 0.035s
2025-02-08T08:49:24.474Z - info: [4:49:24 pm] Reload for file change: E:\cyx-portfolio\contents\experience.md
2025-02-08T08:49:25.488Z - info: Rebuilding 1 pages
2025-02-08T08:49:25.520Z - info: Site data built
2025-02-08T08:49:25.520Z - info: Pages rebuilt
2025-02-08T08:49:25.520Z - info: Website regeneration complete! Total build time: 0.032s
2025-02-08T08:49:30.109Z - info: [4:49:30 pm] Reload for file change: E:\cyx-portfolio\contents\experience.md
2025-02-08T08:49:31.136Z - info: Rebuilding 1 pages
2025-02-08T08:49:31.167Z - info: Site data built
2025-02-08T08:49:31.167Z - info: Pages rebuilt
2025-02-08T08:49:31.167Z - info: Website regeneration complete! Total build time: 0.048s
2025-02-08T08:49:39.717Z - info: [4:49:39 pm] Reload for file change: E:\cyx-portfolio\contents\experience.md
2025-02-08T08:49:40.732Z - info: Rebuilding 1 pages
2025-02-08T08:49:40.762Z - info: Site data built
2025-02-08T08:49:40.762Z - info: Pages rebuilt
2025-02-08T08:49:40.762Z - info: Website regeneration complete! Total build time: 0.03s
2025-02-08T08:49:41.483Z - info: [4:49:41 pm] Reload for file change: E:\cyx-portfolio\contents\experience.md
2025-02-08T08:49:42.497Z - info: Rebuilding 1 pages
2025-02-08T08:49:42.529Z - info: Site data built
2025-02-08T08:49:42.530Z - info: Pages rebuilt
2025-02-08T08:49:42.530Z - info: Website regeneration complete! Total build time: 0.034s
2025-02-08T08:49:44.621Z - info: [4:49:44 pm] Reload for file change: E:\cyx-portfolio\contents\experience.md
2025-02-08T08:49:45.623Z - info: Rebuilding 1 pages
2025-02-08T08:49:45.652Z - info: Site data built
2025-02-08T08:49:45.652Z - info: Pages rebuilt
2025-02-08T08:49:45.653Z - info: Website regeneration complete! Total build time: 0.03s
2025-02-08T08:50:51.125Z - info: [4:50:51 pm] Reload for file change: E:\cyx-portfolio\contents\experience.md
2025-02-08T08:50:52.128Z - info: Rebuilding 1 pages
2025-02-08T08:50:52.170Z - info: Site data built
2025-02-08T08:50:52.170Z - info: Pages rebuilt
2025-02-08T08:50:52.170Z - info: Website regeneration complete! Total build time: 0.043s
2025-02-08T08:50:56.999Z - info: [4:50:56 pm] Reload for file change: E:\cyx-portfolio\contents\experience.md
2025-02-08T08:50:58.003Z - info: Rebuilding 1 pages
2025-02-08T08:50:58.031Z - info: Site data built
2025-02-08T08:50:58.032Z - info: Pages rebuilt
2025-02-08T08:50:58.032Z - info: Website regeneration complete! Total build time: 0.029s
2025-02-08T08:50:59.807Z - info: [4:50:59 pm] Reload for file change: E:\cyx-portfolio\contents\experience.md
2025-02-08T08:51:00.816Z - info: Rebuilding 1 pages
2025-02-08T08:51:00.843Z - info: Site data built
2025-02-08T08:51:00.843Z - info: Pages rebuilt
2025-02-08T08:51:00.843Z - info: Website regeneration complete! Total build time: 0.027s
2025-02-08T08:51:01.403Z - info: [4:51:01 pm] Reload for file change: E:\cyx-portfolio\contents\experience.md
2025-02-08T08:51:02.407Z - info: Rebuilding 1 pages
2025-02-08T08:51:02.434Z - info: Site data built
2025-02-08T08:51:02.435Z - info: Pages rebuilt
2025-02-08T08:51:02.435Z - info: Website regeneration complete! Total build time: 0.029s
2025-02-08T08:51:03.036Z - info: [4:51:03 pm] Reload for file change: E:\cyx-portfolio\contents\experience.md
2025-02-08T08:51:04.052Z - info: Rebuilding 1 pages
2025-02-08T08:51:04.098Z - info: Site data built
2025-02-08T08:51:04.098Z - info: Pages rebuilt
2025-02-08T08:51:04.098Z - info: Website regeneration complete! Total build time: 0.047s
2025-02-08T08:51:09.283Z - info: [4:51:09 pm] Reload for file change: E:\cyx-portfolio\contents\experience.md
2025-02-08T08:51:10.286Z - info: Rebuilding 1 pages
2025-02-08T08:51:10.315Z - info: Site data built
2025-02-08T08:51:10.315Z - info: Pages rebuilt
2025-02-08T08:51:10.316Z - info: Website regeneration complete! Total build time: 0.031s
2025-02-08T08:51:10.515Z - info: [4:51:10 pm] Reload for file change: E:\cyx-portfolio\contents\experience.md
2025-02-08T08:51:11.518Z - info: Rebuilding 1 pages
2025-02-08T08:51:11.542Z - info: Site data built
2025-02-08T08:51:11.542Z - info: Pages rebuilt
2025-02-08T08:51:11.542Z - info: Website regeneration complete! Total build time: 0.025s
2025-02-08T08:51:13.567Z - info: [4:51:13 pm] Reload for file change: E:\cyx-portfolio\contents\experience.md
2025-02-08T08:51:14.572Z - info: Rebuilding 1 pages
2025-02-08T08:51:14.600Z - info: Site data built
2025-02-08T08:51:14.600Z - info: Pages rebuilt
2025-02-08T08:51:14.601Z - info: Website regeneration complete! Total build time: 0.03s
2025-02-08T08:51:23.586Z - info: [4:51:23 pm] Reload for file change: E:\cyx-portfolio\contents\experience.md
2025-02-08T08:51:24.598Z - info: Rebuilding 1 pages
2025-02-08T08:51:24.630Z - info: Site data built
2025-02-08T08:51:24.630Z - info: Pages rebuilt
2025-02-08T08:51:24.630Z - info: Website regeneration complete! Total build time: 0.033s
2025-02-08T08:52:11.536Z - info: [4:52:11 pm] Reload for file change: E:\cyx-portfolio\index.md
2025-02-08T08:52:12.547Z - info: Rebuilding 1 pages
2025-02-08T08:52:12.573Z - info: Site data built
2025-02-08T08:52:12.573Z - info: Pages rebuilt
2025-02-08T08:52:12.573Z - info: Website regeneration complete! Total build time: 0.026s
2025-02-08T08:52:14.483Z - info: [4:52:14 pm] Reload for file change: E:\cyx-portfolio\index.md
2025-02-08T08:52:15.492Z - info: Rebuilding 1 pages
2025-02-08T08:52:15.517Z - info: Site data built
2025-02-08T08:52:15.517Z - info: Pages rebuilt
2025-02-08T08:52:15.517Z - info: Website regeneration complete! Total build time: 0.025s
2025-02-08T08:52:17.778Z - info: [4:52:17 pm] Reload for file change: E:\cyx-portfolio\index.md
2025-02-08T08:52:18.785Z - info: Rebuilding 1 pages
2025-02-08T08:52:18.799Z - info: Site data built
2025-02-08T08:52:18.799Z - info: Pages rebuilt
2025-02-08T08:52:18.799Z - info: Website regeneration complete! Total build time: 0.015s
2025-02-08T08:52:22.633Z - info: [4:52:22 pm] Reload for file change: E:\cyx-portfolio\index.md
2025-02-08T08:52:23.643Z - info: Rebuilding 1 pages
2025-02-08T08:52:23.662Z - info: Site data built
2025-02-08T08:52:23.662Z - info: Pages rebuilt
2025-02-08T08:52:23.662Z - info: Website regeneration complete! Total build time: 0.02s
2025-02-08T08:52:25.415Z - info: [4:52:25 pm] Reload for file change: E:\cyx-portfolio\index.md
2025-02-08T08:52:26.431Z - info: Rebuilding 1 pages
2025-02-08T08:52:26.461Z - info: Site data built
2025-02-08T08:52:26.462Z - info: Pages rebuilt
2025-02-08T08:52:26.462Z - info: Website regeneration complete! Total build time: 0.032s
2025-02-08T08:52:32.995Z - info: [4:52:32 pm] Reload for file change: E:\cyx-portfolio\index.md
2025-02-08T08:52:33.999Z - info: Rebuilding 1 pages
2025-02-08T08:52:34.021Z - info: Site data built
2025-02-08T08:52:34.021Z - info: Pages rebuilt
2025-02-08T08:52:34.021Z - info: Website regeneration complete! Total build time: 0.023s
2025-02-08T08:52:36.494Z - info: [4:52:36 pm] Reload for file change: E:\cyx-portfolio\index.md
2025-02-08T08:52:37.506Z - info: Rebuilding 1 pages
2025-02-08T08:52:37.538Z - info: Site data built
2025-02-08T08:52:37.539Z - info: Pages rebuilt
2025-02-08T08:52:37.539Z - info: Website regeneration complete! Total build time: 0.033s
2025-02-08T08:53:11.833Z - info: [4:53:11 pm] Reload for file change: E:\cyx-portfolio\_markbind\layouts\default.md
2025-02-08T08:53:12.840Z - info: Rebuilding 1 pages
2025-02-08T08:53:12.864Z - warn: You might have an invalid hash for intra-link! Ignore this warning if it was intended.'
  /index.html#skills' found in file 'E:\cyx-portfolio\_markbind\layouts\default.md'
2025-02-08T08:53:12.864Z - warn: You might have an invalid hash for intra-link! Ignore this warning if it was intended.'
  /index.html#experience' found in file 'E:\cyx-portfolio\_markbind\layouts\default.md'
2025-02-08T08:53:12.868Z - info: Site data built
2025-02-08T08:53:12.868Z - info: Pages rebuilt
2025-02-08T08:53:12.869Z - info: Website regeneration complete! Total build time: 0.029s
2025-02-08T08:53:38.195Z - info: [4:53:38 pm] Reload for file change: E:\cyx-portfolio\_markbind\layouts\default.md
2025-02-08T08:53:39.210Z - info: Rebuilding 1 pages
2025-02-08T08:53:39.235Z - warn: You might have an invalid hash for intra-link! Ignore this warning if it was intended.'
  /index.html#skills' found in file 'E:\cyx-portfolio\_markbind\layouts\default.md'
2025-02-08T08:53:39.235Z - warn: You might have an invalid hash for intra-link! Ignore this warning if it was intended.'
  /index.html#experience' found in file 'E:\cyx-portfolio\_markbind\layouts\default.md'
2025-02-08T08:53:39.237Z - info: Site data built
2025-02-08T08:53:39.238Z - info: Pages rebuilt
2025-02-08T08:53:39.238Z - info: Website regeneration complete! Total build time: 0.028s
2025-02-08T08:54:54.346Z - info: [4:54:54 pm] Reload for file change: E:\cyx-portfolio\contents\skills.md
2025-02-08T08:54:55.348Z - info: Rebuilding 1 pages
2025-02-08T08:54:55.376Z - info: Site data built
2025-02-08T08:54:55.377Z - info: Pages rebuilt
2025-02-08T08:54:55.378Z - info: Website regeneration complete! Total build time: 0.03s
2025-02-08T08:55:31.296Z - info: [4:55:31 pm] Reload for file change: E:\cyx-portfolio\_markbind\layouts\default.md
2025-02-08T08:55:32.317Z - info: Rebuilding 1 pages
2025-02-08T08:55:32.343Z - warn: You might have an invalid hash for intra-link! Ignore this warning if it was intended.'
  /index.html#skills' found in file 'E:\cyx-portfolio\_markbind\layouts\default.md'
2025-02-08T08:55:32.344Z - warn: You might have an invalid hash for intra-link! Ignore this warning if it was intended.'
  /index.html#experience' found in file 'E:\cyx-portfolio\_markbind\layouts\default.md'
2025-02-08T08:55:32.347Z - info: Site data built
2025-02-08T08:55:32.347Z - info: Pages rebuilt
2025-02-08T08:55:32.347Z - info: Website regeneration complete! Total build time: 0.03s
2025-02-08T08:56:00.626Z - info: [4:56:00 pm] Reload for file change: E:\cyx-portfolio\contents\experience.md
2025-02-08T08:56:01.642Z - info: Rebuilding 1 pages
2025-02-08T08:56:01.665Z - info: Site data built
2025-02-08T08:56:01.666Z - info: Pages rebuilt
2025-02-08T08:56:01.666Z - info: Website regeneration complete! Total build time: 0.025s
2025-02-08T08:56:07.490Z - info: [4:56:07 pm] Reload for file change: E:\cyx-portfolio\contents\experience.md
2025-02-08T08:56:08.493Z - info: Rebuilding 1 pages
2025-02-08T08:56:08.514Z - info: Site data built
2025-02-08T08:56:08.514Z - info: Pages rebuilt
2025-02-08T08:56:08.514Z - info: Website regeneration complete! Total build time: 0.021s
2025-02-08T08:56:16.952Z - info: [4:56:16 pm] Reload for file change: E:\cyx-portfolio\contents\experience.md
2025-02-08T08:56:17.959Z - info: Rebuilding 1 pages
2025-02-08T08:56:17.984Z - info: Site data built
2025-02-08T08:56:17.984Z - info: Pages rebuilt
2025-02-08T08:56:17.984Z - info: Website regeneration complete! Total build time: 0.025s
2025-02-08T08:56:22.317Z - info: [4:56:22 pm] Reload for file change: E:\cyx-portfolio\contents\experience.md
2025-02-08T08:56:23.328Z - info: Rebuilding 1 pages
2025-02-08T08:56:23.356Z - info: Site data built
2025-02-08T08:56:23.356Z - info: Pages rebuilt
2025-02-08T08:56:23.356Z - info: Website regeneration complete! Total build time: 0.029s
2025-02-08T08:56:32.470Z - info: [4:56:32 pm] Reload for file change: E:\cyx-portfolio\contents\experience.md
2025-02-08T08:56:33.472Z - info: Rebuilding 1 pages
2025-02-08T08:56:33.499Z - info: Site data built
2025-02-08T08:56:33.499Z - info: Pages rebuilt
2025-02-08T08:56:33.500Z - info: Website regeneration complete! Total build time: 0.027s
2025-02-08T08:56:48.165Z - info: [4:56:48 pm] Reload for file change: E:\cyx-portfolio\contents\experience.md
2025-02-08T08:56:49.168Z - info: Rebuilding 1 pages
2025-02-08T08:56:49.190Z - info: Site data built
2025-02-08T08:56:49.190Z - info: Pages rebuilt
2025-02-08T08:56:49.190Z - info: Website regeneration complete! Total build time: 0.023s
2025-02-08T08:56:54.110Z - info: [4:56:54 pm] Reload for file change: E:\cyx-portfolio\contents\experience.md
2025-02-08T08:56:55.122Z - info: Rebuilding 1 pages
2025-02-08T08:56:55.144Z - info: Site data built
2025-02-08T08:56:55.145Z - info: Pages rebuilt
2025-02-08T08:56:55.145Z - info: Website regeneration complete! Total build time: 0.024s
2025-02-08T08:57:03.774Z - info: [4:57:03 pm] Reload for file change: E:\cyx-portfolio\contents\experience.md
2025-02-08T08:57:04.783Z - info: Rebuilding 1 pages
2025-02-08T08:57:04.804Z - info: Site data built
2025-02-08T08:57:04.804Z - info: Pages rebuilt
2025-02-08T08:57:04.804Z - info: Website regeneration complete! Total build time: 0.022s
2025-02-08T08:57:24.725Z - info: [4:57:24 pm] Reload for file change: E:\cyx-portfolio\contents\experience.md
2025-02-08T08:57:25.728Z - info: Rebuilding 1 pages
2025-02-08T08:57:25.754Z - info: Site data built
2025-02-08T08:57:25.754Z - info: Pages rebuilt
2025-02-08T08:57:25.754Z - info: Website regeneration complete! Total build time: 0.027s
2025-02-08T08:57:28.959Z - info: [4:57:28 pm] Reload for file change: E:\cyx-portfolio\contents\experience.md
2025-02-08T08:57:29.960Z - info: Rebuilding 1 pages
2025-02-08T08:57:29.983Z - info: Site data built
2025-02-08T08:57:29.984Z - info: Pages rebuilt
2025-02-08T08:57:29.984Z - info: Website regeneration complete! Total build time: 0.024s
2025-02-08T08:57:31.917Z - info: [4:57:31 pm] Reload for file change: E:\cyx-portfolio\contents\experience.md
2025-02-08T08:57:32.938Z - info: Rebuilding 1 pages
2025-02-08T08:57:32.964Z - info: Site data built
2025-02-08T08:57:32.964Z - info: Pages rebuilt
2025-02-08T08:57:32.964Z - info: Website regeneration complete! Total build time: 0.026s
2025-02-08T08:57:33.446Z - info: [4:57:33 pm] Reload for file change: E:\cyx-portfolio\contents\experience.md
2025-02-08T08:57:34.452Z - info: Rebuilding 1 pages
2025-02-08T08:57:34.483Z - info: Site data built
2025-02-08T08:57:34.483Z - info: Pages rebuilt
2025-02-08T08:57:34.483Z - info: Website regeneration complete! Total build time: 0.032s
