2025-02-14T14:37:10.425Z - info: Website generation started at 10:37:10 pm
2025-02-14T14:37:10.532Z - info: Building assets...
2025-02-14T14:37:10.618Z - info: Assets built
2025-02-14T14:37:10.618Z - info: Generating pages...
2025-02-14T14:37:10.649Z - error:  RangeError: Maximum call stack size exceeded
    at String.slice (<anonymous>)
    at Object.dirname (node:path:741:12)
    at calculate (E:\programme files\nvm\v18.20.5\node_modules\markbind-cli\node_modules\@markbind\core\src\utils\urlUtil.js:29:39)
    at calculate (E:\programme files\nvm\v18.20.5\node_modules\markbind-cli\node_modules\@markbind\core\src\utils\urlUtil.js:32:15)
    at calculate (E:\programme files\nvm\v18.20.5\node_modules\markbind-cli\node_modules\@markbind\core\src\utils\urlUtil.js:32:15)
    at calculate (E:\programme files\nvm\v18.20.5\node_modules\markbind-cli\node_modules\@markbind\core\src\utils\urlUtil.js:32:15)
    at calculate (E:\programme files\nvm\v18.20.5\node_modules\markbind-cli\node_modules\@markbind\core\src\utils\urlUtil.js:32:15)
    at calculate (E:\programme files\nvm\v18.20.5\node_modules\markbind-cli\node_modules\@markbind\core\src\utils\urlUtil.js:32:15)
    at calculate (E:\programme files\nvm\v18.20.5\node_modules\markbind-cli\node_modules\@markbind\core\src\utils\urlUtil.js:32:15)
    at calculate (E:\programme files\nvm\v18.20.5\node_modules\markbind-cli\node_modules\@markbind\core\src\utils\urlUtil.js:32:15)
    at calculate (E:\programme files\nvm\v18.20.5\node_modules\markbind-cli\node_modules\@markbind\core\src\utils\urlUtil.js:32:15)
    at calculate (E:\programme files\nvm\v18.20.5\node_modules\markbind-cli\node_modules\@markbind\core\src\utils\urlUtil.js:32:15)
    at calculate (E:\programme files\nvm\v18.20.5\node_modules\markbind-cli\node_modules\@markbind\core\src\utils\urlUtil.js:32:15)
    at calculate (E:\programme files\nvm\v18.20.5\node_modules\markbind-cli\node_modules\@markbind\core\src\utils\urlUtil.js:32:15)
    at calculate (E:\programme files\nvm\v18.20.5\node_modules\markbind-cli\node_modules\@markbind\core\src\utils\urlUtil.js:32:15)
    at calculate (E:\programme files\nvm\v18.20.5\node_modules\markbind-cli\node_modules\@markbind\core\src\utils\urlUtil.js:32:15)
2025-02-14T14:37:10.660Z - error:  RangeError: Maximum call stack size exceeded
    at Object.dirname (node:path:653:10)
    at calculate (E:\programme files\nvm\v18.20.5\node_modules\markbind-cli\node_modules\@markbind\core\src\utils\urlUtil.js:29:39)
    at calculate (E:\programme files\nvm\v18.20.5\node_modules\markbind-cli\node_modules\@markbind\core\src\utils\urlUtil.js:32:15)
    at calculate (E:\programme files\nvm\v18.20.5\node_modules\markbind-cli\node_modules\@markbind\core\src\utils\urlUtil.js:32:15)
    at calculate (E:\programme files\nvm\v18.20.5\node_modules\markbind-cli\node_modules\@markbind\core\src\utils\urlUtil.js:32:15)
    at calculate (E:\programme files\nvm\v18.20.5\node_modules\markbind-cli\node_modules\@markbind\core\src\utils\urlUtil.js:32:15)
    at calculate (E:\programme files\nvm\v18.20.5\node_modules\markbind-cli\node_modules\@markbind\core\src\utils\urlUtil.js:32:15)
    at calculate (E:\programme files\nvm\v18.20.5\node_modules\markbind-cli\node_modules\@markbind\core\src\utils\urlUtil.js:32:15)
    at calculate (E:\programme files\nvm\v18.20.5\node_modules\markbind-cli\node_modules\@markbind\core\src\utils\urlUtil.js:32:15)
    at calculate (E:\programme files\nvm\v18.20.5\node_modules\markbind-cli\node_modules\@markbind\core\src\utils\urlUtil.js:32:15)
    at calculate (E:\programme files\nvm\v18.20.5\node_modules\markbind-cli\node_modules\@markbind\core\src\utils\urlUtil.js:32:15)
    at calculate (E:\programme files\nvm\v18.20.5\node_modules\markbind-cli\node_modules\@markbind\core\src\utils\urlUtil.js:32:15)
    at calculate (E:\programme files\nvm\v18.20.5\node_modules\markbind-cli\node_modules\@markbind\core\src\utils\urlUtil.js:32:15)
    at calculate (E:\programme files\nvm\v18.20.5\node_modules\markbind-cli\node_modules\@markbind\core\src\utils\urlUtil.js:32:15)
    at calculate (E:\programme files\nvm\v18.20.5\node_modules\markbind-cli\node_modules\@markbind\core\src\utils\urlUtil.js:32:15)
    at calculate (E:\programme files\nvm\v18.20.5\node_modules\markbind-cli\node_modules\@markbind\core\src\utils\urlUtil.js:32:15)
2025-02-14T14:37:10.671Z - error:  RangeError: Maximum call stack size exceeded
    at Object.dirname (node:path:653:10)
    at calculate (E:\programme files\nvm\v18.20.5\node_modules\markbind-cli\node_modules\@markbind\core\src\utils\urlUtil.js:29:39)
    at calculate (E:\programme files\nvm\v18.20.5\node_modules\markbind-cli\node_modules\@markbind\core\src\utils\urlUtil.js:32:15)
    at calculate (E:\programme files\nvm\v18.20.5\node_modules\markbind-cli\node_modules\@markbind\core\src\utils\urlUtil.js:32:15)
    at calculate (E:\programme files\nvm\v18.20.5\node_modules\markbind-cli\node_modules\@markbind\core\src\utils\urlUtil.js:32:15)
    at calculate (E:\programme files\nvm\v18.20.5\node_modules\markbind-cli\node_modules\@markbind\core\src\utils\urlUtil.js:32:15)
    at calculate (E:\programme files\nvm\v18.20.5\node_modules\markbind-cli\node_modules\@markbind\core\src\utils\urlUtil.js:32:15)
    at calculate (E:\programme files\nvm\v18.20.5\node_modules\markbind-cli\node_modules\@markbind\core\src\utils\urlUtil.js:32:15)
    at calculate (E:\programme files\nvm\v18.20.5\node_modules\markbind-cli\node_modules\@markbind\core\src\utils\urlUtil.js:32:15)
    at calculate (E:\programme files\nvm\v18.20.5\node_modules\markbind-cli\node_modules\@markbind\core\src\utils\urlUtil.js:32:15)
    at calculate (E:\programme files\nvm\v18.20.5\node_modules\markbind-cli\node_modules\@markbind\core\src\utils\urlUtil.js:32:15)
    at calculate (E:\programme files\nvm\v18.20.5\node_modules\markbind-cli\node_modules\@markbind\core\src\utils\urlUtil.js:32:15)
    at calculate (E:\programme files\nvm\v18.20.5\node_modules\markbind-cli\node_modules\@markbind\core\src\utils\urlUtil.js:32:15)
    at calculate (E:\programme files\nvm\v18.20.5\node_modules\markbind-cli\node_modules\@markbind\core\src\utils\urlUtil.js:32:15)
    at calculate (E:\programme files\nvm\v18.20.5\node_modules\markbind-cli\node_modules\@markbind\core\src\utils\urlUtil.js:32:15)
    at calculate (E:\programme files\nvm\v18.20.5\node_modules\markbind-cli\node_modules\@markbind\core\src\utils\urlUtil.js:32:15)
2025-02-14T14:37:10.709Z - warn: You might have an invalid intra-link! Ignore this warning if it was intended.
'https:/cyx22222003.github.io/CYX-portfolio/contents/assets/Resume_chen_yixun_2024.pdf' found in file 'E:\cyx-portfolio\index.md'
2025-02-14T14:37:10.709Z - warn: You might have an invalid intra-link! Ignore this warning if it was intended.
'https:/cyx22222003.github.io/CYX-portfolio/contents/assets/CYX.png' found in file 'E:\cyx-portfolio\index.md'
2025-02-14T14:37:10.710Z - info: Pages built
2025-02-14T14:37:10.813Z - info: Site data built
2025-02-14T14:37:10.813Z - info: Website generation complete! Total build time: 0.431s
2025-02-14T14:37:10.831Z - info: Serving "E:\cyx-portfolio\_site" at http://127.0.0.1:8080
2025-02-14T14:37:10.831Z - info: Press CTRL+C to stop ...
2025-02-14T14:39:47.027Z - info: [10:39:47 pm] Reload for file change: E:\cyx-portfolio\site.json
2025-02-14T14:39:47.038Z - info: No pages needed to be rebuilt
2025-02-14T14:39:53.599Z - info: Website generation started at 10:39:53 pm
2025-02-14T14:39:53.705Z - info: Building assets...
2025-02-14T14:39:53.791Z - info: Assets built
2025-02-14T14:39:53.791Z - info: Generating pages...
2025-02-14T14:39:53.890Z - warn: You might have an invalid hash for intra-link! Ignore this warning if it was intended.'
  /index.html#skills' found in file 'E:\cyx-portfolio\_markbind\layouts\default.md'
2025-02-14T14:39:53.890Z - warn: You might have an invalid hash for intra-link! Ignore this warning if it was intended.'
  /index.html#experience' found in file 'E:\cyx-portfolio\_markbind\layouts\default.md'
2025-02-14T14:39:53.891Z - warn: You might have an invalid hash for intra-link! Ignore this warning if it was intended.'
  /index.html#project-1' found in file 'E:\cyx-portfolio\_markbind\layouts\default.md'
2025-02-14T14:39:53.891Z - warn: You might have an invalid hash for intra-link! Ignore this warning if it was intended.'
  /index.html#project-2' found in file 'E:\cyx-portfolio\_markbind\layouts\default.md'
2025-02-14T14:39:53.892Z - warn: You might have an invalid hash for intra-link! Ignore this warning if it was intended.'
  /index.html#other-projects' found in file 'E:\cyx-portfolio\_markbind\layouts\default.md'
2025-02-14T14:39:53.893Z - info: Pages built
2025-02-14T14:39:53.997Z - info: Site data built
2025-02-14T14:39:53.997Z - info: Website generation complete! Total build time: 0.441s
2025-02-14T14:39:53.997Z - info: Build success!
2025-02-14T14:40:41.482Z - info: Website generation started at 10:40:41 pm
2025-02-14T14:40:41.596Z - info: Building assets...
2025-02-14T14:40:41.683Z - info: Assets built
2025-02-14T14:40:41.684Z - info: Generating pages...
2025-02-14T14:40:41.789Z - warn: You might have an invalid hash for intra-link! Ignore this warning if it was intended.'
  /CYX-portfolio/index.html#skills' found in file 'E:\cyx-portfolio\_markbind\layouts\default.md'
2025-02-14T14:40:41.789Z - warn: You might have an invalid hash for intra-link! Ignore this warning if it was intended.'
  /CYX-portfolio/index.html#experience' found in file 'E:\cyx-portfolio\_markbind\layouts\default.md'
2025-02-14T14:40:41.789Z - warn: You might have an invalid hash for intra-link! Ignore this warning if it was intended.'
  /CYX-portfolio/index.html#project-1' found in file 'E:\cyx-portfolio\_markbind\layouts\default.md'
2025-02-14T14:40:41.790Z - warn: You might have an invalid hash for intra-link! Ignore this warning if it was intended.'
  /CYX-portfolio/index.html#project-2' found in file 'E:\cyx-portfolio\_markbind\layouts\default.md'
2025-02-14T14:40:41.790Z - warn: You might have an invalid hash for intra-link! Ignore this warning if it was intended.'
  /CYX-portfolio/index.html#other-projects' found in file 'E:\cyx-portfolio\_markbind\layouts\default.md'
2025-02-14T14:40:41.791Z - info: Pages built
2025-02-14T14:40:41.898Z - info: Site data built
2025-02-14T14:40:41.898Z - info: Website generation complete! Total build time: 0.46s
2025-02-14T14:40:41.899Z - info: Build success!
2025-02-14T14:41:13.102Z - info: Website generation started at 10:41:13 pm
2025-02-14T14:41:13.212Z - info: Building assets...
2025-02-14T14:41:13.300Z - info: Assets built
2025-02-14T14:41:13.300Z - info: Generating pages...
2025-02-14T14:41:13.398Z - warn: You might have an invalid hash for intra-link! Ignore this warning if it was intended.'
  /CYX-portfolio/index.html#skills' found in file 'E:\cyx-portfolio\_markbind\layouts\default.md'
2025-02-14T14:41:13.398Z - warn: You might have an invalid hash for intra-link! Ignore this warning if it was intended.'
  /CYX-portfolio/index.html#experience' found in file 'E:\cyx-portfolio\_markbind\layouts\default.md'
2025-02-14T14:41:13.398Z - warn: You might have an invalid hash for intra-link! Ignore this warning if it was intended.'
  /CYX-portfolio/index.html#project-1' found in file 'E:\cyx-portfolio\_markbind\layouts\default.md'
2025-02-14T14:41:13.399Z - warn: You might have an invalid hash for intra-link! Ignore this warning if it was intended.'
  /CYX-portfolio/index.html#project-2' found in file 'E:\cyx-portfolio\_markbind\layouts\default.md'
2025-02-14T14:41:13.399Z - warn: You might have an invalid hash for intra-link! Ignore this warning if it was intended.'
  /CYX-portfolio/index.html#other-projects' found in file 'E:\cyx-portfolio\_markbind\layouts\default.md'
2025-02-14T14:41:13.400Z - info: Pages built
2025-02-14T14:41:13.505Z - info: Site data built
2025-02-14T14:41:13.505Z - info: Website generation complete! Total build time: 0.446s
2025-02-14T14:41:13.523Z - info: Serving "E:\cyx-portfolio\_site" at http://127.0.0.1:8080
2025-02-14T14:41:13.523Z - info: Press CTRL+C to stop ...
2025-02-14T14:41:24.837Z - info: Website generation started at 10:41:24 pm
2025-02-14T14:41:24.953Z - info: Building assets...
2025-02-14T14:41:25.046Z - info: Assets built
2025-02-14T14:41:25.047Z - info: Generating pages...
2025-02-14T14:41:25.147Z - warn: You might have an invalid hash for intra-link! Ignore this warning if it was intended.'
  /CYX-portfolio/index.html#skills' found in file 'E:\cyx-portfolio\_markbind\layouts\default.md'
2025-02-14T14:41:25.147Z - warn: You might have an invalid hash for intra-link! Ignore this warning if it was intended.'
  /CYX-portfolio/index.html#experience' found in file 'E:\cyx-portfolio\_markbind\layouts\default.md'
2025-02-14T14:41:25.147Z - warn: You might have an invalid hash for intra-link! Ignore this warning if it was intended.'
  /CYX-portfolio/index.html#project-1' found in file 'E:\cyx-portfolio\_markbind\layouts\default.md'
2025-02-14T14:41:25.148Z - warn: You might have an invalid hash for intra-link! Ignore this warning if it was intended.'
  /CYX-portfolio/index.html#project-2' found in file 'E:\cyx-portfolio\_markbind\layouts\default.md'
2025-02-14T14:41:25.148Z - warn: You might have an invalid hash for intra-link! Ignore this warning if it was intended.'
  /CYX-portfolio/index.html#other-projects' found in file 'E:\cyx-portfolio\_markbind\layouts\default.md'
2025-02-14T14:41:25.149Z - info: Pages built
2025-02-14T14:41:25.258Z - info: Site data built
2025-02-14T14:41:25.258Z - info: Website generation complete! Total build time: 0.465s
2025-02-14T14:41:25.258Z - info: Build success!
2025-02-14T14:41:29.911Z - info: The website has been deployed at: https://cyx22222003.github.io/CYX-portfolio
2025-02-14T14:42:46.972Z - info: Website generation started at 10:42:46 pm
2025-02-14T14:42:47.081Z - info: Building assets...
2025-02-14T14:42:47.174Z - info: Assets built
2025-02-14T14:42:47.174Z - info: Generating pages...
2025-02-14T14:42:47.311Z - warn: You might have an invalid hash for intra-link! Ignore this warning if it was intended.'
  /CYX-portfolio/index.html#skills' found in file 'E:\cyx-portfolio\_markbind\layouts\default.md'
2025-02-14T14:42:47.311Z - warn: You might have an invalid hash for intra-link! Ignore this warning if it was intended.'
  /CYX-portfolio/index.html#experience' found in file 'E:\cyx-portfolio\_markbind\layouts\default.md'
2025-02-14T14:42:47.311Z - warn: You might have an invalid hash for intra-link! Ignore this warning if it was intended.'
  /CYX-portfolio/index.html#project-1' found in file 'E:\cyx-portfolio\_markbind\layouts\default.md'
2025-02-14T14:42:47.312Z - warn: You might have an invalid hash for intra-link! Ignore this warning if it was intended.'
  /CYX-portfolio/index.html#project-2' found in file 'E:\cyx-portfolio\_markbind\layouts\default.md'
2025-02-14T14:42:47.312Z - warn: You might have an invalid hash for intra-link! Ignore this warning if it was intended.'
  /CYX-portfolio/index.html#other-projects' found in file 'E:\cyx-portfolio\_markbind\layouts\default.md'
2025-02-14T14:42:47.313Z - info: Pages built
2025-02-14T14:42:47.467Z - info: Site data built
2025-02-14T14:42:47.467Z - info: Website generation complete! Total build time: 0.538s
2025-02-14T14:42:47.468Z - info: Build success!
2025-02-14T14:42:51.551Z - info: The website has been deployed at: https://cyx22222003.github.io/CYX-portfolio
2025-02-14T14:44:52.812Z - info: Website generation started at 10:44:52 pm
2025-02-14T14:44:52.922Z - info: Building assets...
2025-02-14T14:44:53.012Z - info: Assets built
2025-02-14T14:44:53.013Z - info: Generating pages...
2025-02-14T14:44:53.109Z - warn: You might have an invalid hash for intra-link! Ignore this warning if it was intended.'
  /CYX-portfolio/index.html#skills' found in file 'E:\cyx-portfolio\_markbind\layouts\default.md'
2025-02-14T14:44:53.110Z - warn: You might have an invalid hash for intra-link! Ignore this warning if it was intended.'
  /CYX-portfolio/index.html#experience' found in file 'E:\cyx-portfolio\_markbind\layouts\default.md'
2025-02-14T14:44:53.110Z - warn: You might have an invalid hash for intra-link! Ignore this warning if it was intended.'
  /CYX-portfolio/index.html#project-1' found in file 'E:\cyx-portfolio\_markbind\layouts\default.md'
2025-02-14T14:44:53.110Z - warn: You might have an invalid hash for intra-link! Ignore this warning if it was intended.'
  /CYX-portfolio/index.html#project-2' found in file 'E:\cyx-portfolio\_markbind\layouts\default.md'
2025-02-14T14:44:53.110Z - warn: You might have an invalid hash for intra-link! Ignore this warning if it was intended.'
  /CYX-portfolio/index.html#other-projects' found in file 'E:\cyx-portfolio\_markbind\layouts\default.md'
2025-02-14T14:44:53.111Z - info: Pages built
2025-02-14T14:44:53.213Z - info: Site data built
2025-02-14T14:44:53.213Z - info: Website generation complete! Total build time: 0.446s
2025-02-14T14:44:53.230Z - info: Serving "E:\cyx-portfolio\_site" at http://127.0.0.1:8080
2025-02-14T14:44:53.230Z - info: Press CTRL+C to stop ...
2025-02-14T14:45:03.231Z - info: Website generation started at 10:45:03 pm
2025-02-14T14:45:03.341Z - info: Building assets...
2025-02-14T14:45:03.426Z - info: Assets built
2025-02-14T14:45:03.427Z - info: Generating pages...
2025-02-14T14:45:03.523Z - warn: You might have an invalid hash for intra-link! Ignore this warning if it was intended.'
  /CYX-portfolio/index.html#skills' found in file 'E:\cyx-portfolio\_markbind\layouts\default.md'
2025-02-14T14:45:03.524Z - warn: You might have an invalid hash for intra-link! Ignore this warning if it was intended.'
  /CYX-portfolio/index.html#experience' found in file 'E:\cyx-portfolio\_markbind\layouts\default.md'
2025-02-14T14:45:03.524Z - warn: You might have an invalid hash for intra-link! Ignore this warning if it was intended.'
  /CYX-portfolio/index.html#project-1' found in file 'E:\cyx-portfolio\_markbind\layouts\default.md'
2025-02-14T14:45:03.524Z - warn: You might have an invalid hash for intra-link! Ignore this warning if it was intended.'
  /CYX-portfolio/index.html#project-2' found in file 'E:\cyx-portfolio\_markbind\layouts\default.md'
2025-02-14T14:45:03.525Z - warn: You might have an invalid hash for intra-link! Ignore this warning if it was intended.'
  /CYX-portfolio/index.html#other-projects' found in file 'E:\cyx-portfolio\_markbind\layouts\default.md'
2025-02-14T14:45:03.526Z - info: Pages built
2025-02-14T14:45:03.629Z - info: Site data built
2025-02-14T14:45:03.629Z - info: Website generation complete! Total build time: 0.442s
2025-02-14T14:45:03.629Z - info: Build success!
2025-02-14T14:45:08.614Z - info: Website generation started at 10:45:08 pm
2025-02-14T14:45:08.724Z - info: Building assets...
2025-02-14T14:45:08.809Z - info: Assets built
2025-02-14T14:45:08.810Z - info: Generating pages...
2025-02-14T14:45:08.908Z - warn: You might have an invalid hash for intra-link! Ignore this warning if it was intended.'
  /CYX-portfolio/index.html#skills' found in file 'E:\cyx-portfolio\_markbind\layouts\default.md'
2025-02-14T14:45:08.909Z - warn: You might have an invalid hash for intra-link! Ignore this warning if it was intended.'
  /CYX-portfolio/index.html#experience' found in file 'E:\cyx-portfolio\_markbind\layouts\default.md'
2025-02-14T14:45:08.909Z - warn: You might have an invalid hash for intra-link! Ignore this warning if it was intended.'
  /CYX-portfolio/index.html#project-1' found in file 'E:\cyx-portfolio\_markbind\layouts\default.md'
2025-02-14T14:45:08.909Z - warn: You might have an invalid hash for intra-link! Ignore this warning if it was intended.'
  /CYX-portfolio/index.html#project-2' found in file 'E:\cyx-portfolio\_markbind\layouts\default.md'
2025-02-14T14:45:08.909Z - warn: You might have an invalid hash for intra-link! Ignore this warning if it was intended.'
  /CYX-portfolio/index.html#other-projects' found in file 'E:\cyx-portfolio\_markbind\layouts\default.md'
2025-02-14T14:45:08.910Z - info: Pages built
2025-02-14T14:45:09.008Z - info: Site data built
2025-02-14T14:45:09.008Z - info: Website generation complete! Total build time: 0.44s
2025-02-14T14:45:09.009Z - info: Build success!
2025-02-14T14:45:13.938Z - info: Website generation started at 10:45:13 pm
2025-02-14T14:45:14.050Z - info: Building assets...
2025-02-14T14:45:14.139Z - info: Assets built
2025-02-14T14:45:14.140Z - info: Generating pages...
2025-02-14T14:45:14.235Z - warn: You might have an invalid hash for intra-link! Ignore this warning if it was intended.'
  /CYX-portfolio/index.html#skills' found in file 'E:\cyx-portfolio\_markbind\layouts\default.md'
2025-02-14T14:45:14.236Z - warn: You might have an invalid hash for intra-link! Ignore this warning if it was intended.'
  /CYX-portfolio/index.html#experience' found in file 'E:\cyx-portfolio\_markbind\layouts\default.md'
2025-02-14T14:45:14.236Z - warn: You might have an invalid hash for intra-link! Ignore this warning if it was intended.'
  /CYX-portfolio/index.html#project-1' found in file 'E:\cyx-portfolio\_markbind\layouts\default.md'
2025-02-14T14:45:14.236Z - warn: You might have an invalid hash for intra-link! Ignore this warning if it was intended.'
  /CYX-portfolio/index.html#project-2' found in file 'E:\cyx-portfolio\_markbind\layouts\default.md'
2025-02-14T14:45:14.237Z - warn: You might have an invalid hash for intra-link! Ignore this warning if it was intended.'
  /CYX-portfolio/index.html#other-projects' found in file 'E:\cyx-portfolio\_markbind\layouts\default.md'
2025-02-14T14:45:14.237Z - info: Pages built
2025-02-14T14:45:14.338Z - info: Site data built
2025-02-14T14:45:14.338Z - info: Website generation complete! Total build time: 0.445s
2025-02-14T14:45:14.339Z - info: Build success!
2025-02-14T14:45:18.323Z - info: The website has been deployed at: https://cyx22222003.github.io/CYX-portfolio
2025-02-14T14:45:51.915Z - info: Website generation started at 10:45:51 pm
2025-02-14T14:45:52.024Z - info: Building assets...
2025-02-14T14:45:52.112Z - info: Assets built
2025-02-14T14:45:52.113Z - info: Generating pages...
2025-02-14T14:45:52.209Z - warn: You might have an invalid hash for intra-link! Ignore this warning if it was intended.'
  /CYX-portfolio/index.html#skills' found in file 'E:\cyx-portfolio\_markbind\layouts\default.md'
2025-02-14T14:45:52.209Z - warn: You might have an invalid hash for intra-link! Ignore this warning if it was intended.'
  /CYX-portfolio/index.html#experience' found in file 'E:\cyx-portfolio\_markbind\layouts\default.md'
2025-02-14T14:45:52.209Z - warn: You might have an invalid hash for intra-link! Ignore this warning if it was intended.'
  /CYX-portfolio/index.html#project-1' found in file 'E:\cyx-portfolio\_markbind\layouts\default.md'
2025-02-14T14:45:52.210Z - warn: You might have an invalid hash for intra-link! Ignore this warning if it was intended.'
  /CYX-portfolio/index.html#project-2' found in file 'E:\cyx-portfolio\_markbind\layouts\default.md'
2025-02-14T14:45:52.210Z - warn: You might have an invalid hash for intra-link! Ignore this warning if it was intended.'
  /CYX-portfolio/index.html#other-projects' found in file 'E:\cyx-portfolio\_markbind\layouts\default.md'
2025-02-14T14:45:52.211Z - info: Pages built
2025-02-14T14:45:52.316Z - info: Site data built
2025-02-14T14:45:52.316Z - info: Website generation complete! Total build time: 0.446s
2025-02-14T14:45:52.316Z - info: Build success!
2025-02-14T14:46:00.010Z - info: Website generation started at 10:45:59 pm
2025-02-14T14:46:00.122Z - info: Building assets...
2025-02-14T14:46:00.214Z - info: Assets built
2025-02-14T14:46:00.215Z - info: Generating pages...
2025-02-14T14:46:00.314Z - warn: You might have an invalid hash for intra-link! Ignore this warning if it was intended.'
  /CYX-portfolio/index.html#skills' found in file 'E:\cyx-portfolio\_markbind\layouts\default.md'
2025-02-14T14:46:00.314Z - warn: You might have an invalid hash for intra-link! Ignore this warning if it was intended.'
  /CYX-portfolio/index.html#experience' found in file 'E:\cyx-portfolio\_markbind\layouts\default.md'
2025-02-14T14:46:00.315Z - warn: You might have an invalid hash for intra-link! Ignore this warning if it was intended.'
  /CYX-portfolio/index.html#project-1' found in file 'E:\cyx-portfolio\_markbind\layouts\default.md'
2025-02-14T14:46:00.315Z - warn: You might have an invalid hash for intra-link! Ignore this warning if it was intended.'
  /CYX-portfolio/index.html#project-2' found in file 'E:\cyx-portfolio\_markbind\layouts\default.md'
2025-02-14T14:46:00.315Z - warn: You might have an invalid hash for intra-link! Ignore this warning if it was intended.'
  /CYX-portfolio/index.html#other-projects' found in file 'E:\cyx-portfolio\_markbind\layouts\default.md'
2025-02-14T14:46:00.316Z - info: Pages built
2025-02-14T14:46:00.421Z - info: Site data built
2025-02-14T14:46:00.421Z - info: Website generation complete! Total build time: 0.457s
2025-02-14T14:46:00.422Z - info: Build success!
2025-02-14T14:46:04.263Z - info: The website has been deployed at: https://cyx22222003.github.io/CYX-portfolio
2025-02-14T14:46:23.381Z - info: Website generation started at 10:46:23 pm
2025-02-14T14:46:23.492Z - info: Building assets...
2025-02-14T14:46:23.581Z - info: Assets built
2025-02-14T14:46:23.581Z - info: Generating pages...
2025-02-14T14:46:23.678Z - warn: You might have an invalid hash for intra-link! Ignore this warning if it was intended.'
  /CYX-portfolio/index.html#skills' found in file 'E:\cyx-portfolio\_markbind\layouts\default.md'
2025-02-14T14:46:23.679Z - warn: You might have an invalid hash for intra-link! Ignore this warning if it was intended.'
  /CYX-portfolio/index.html#experience' found in file 'E:\cyx-portfolio\_markbind\layouts\default.md'
2025-02-14T14:46:23.679Z - warn: You might have an invalid hash for intra-link! Ignore this warning if it was intended.'
  /CYX-portfolio/index.html#project-1' found in file 'E:\cyx-portfolio\_markbind\layouts\default.md'
2025-02-14T14:46:23.679Z - warn: You might have an invalid hash for intra-link! Ignore this warning if it was intended.'
  /CYX-portfolio/index.html#project-2' found in file 'E:\cyx-portfolio\_markbind\layouts\default.md'
2025-02-14T14:46:23.680Z - warn: You might have an invalid hash for intra-link! Ignore this warning if it was intended.'
  /CYX-portfolio/index.html#other-projects' found in file 'E:\cyx-portfolio\_markbind\layouts\default.md'
2025-02-14T14:46:23.680Z - info: Pages built
2025-02-14T14:46:23.785Z - info: Site data built
2025-02-14T14:46:23.785Z - info: Website generation complete! Total build time: 0.453s
2025-02-14T14:46:23.786Z - info: Build success!
2025-02-14T14:46:39.202Z - info: Website generation started at 10:46:39 pm
2025-02-14T14:46:39.312Z - info: Building assets...
2025-02-14T14:46:39.402Z - info: Assets built
2025-02-14T14:46:39.402Z - info: Generating pages...
2025-02-14T14:46:39.501Z - warn: You might have an invalid hash for intra-link! Ignore this warning if it was intended.'
  /CYX-portfolio/index.html#skills' found in file 'E:\cyx-portfolio\_markbind\layouts\default.md'
2025-02-14T14:46:39.501Z - warn: You might have an invalid hash for intra-link! Ignore this warning if it was intended.'
  /CYX-portfolio/index.html#experience' found in file 'E:\cyx-portfolio\_markbind\layouts\default.md'
2025-02-14T14:46:39.501Z - warn: You might have an invalid hash for intra-link! Ignore this warning if it was intended.'
  /CYX-portfolio/index.html#project-1' found in file 'E:\cyx-portfolio\_markbind\layouts\default.md'
2025-02-14T14:46:39.501Z - warn: You might have an invalid hash for intra-link! Ignore this warning if it was intended.'
  /CYX-portfolio/index.html#project-2' found in file 'E:\cyx-portfolio\_markbind\layouts\default.md'
2025-02-14T14:46:39.502Z - warn: You might have an invalid hash for intra-link! Ignore this warning if it was intended.'
  /CYX-portfolio/index.html#other-projects' found in file 'E:\cyx-portfolio\_markbind\layouts\default.md'
2025-02-14T14:46:39.503Z - info: Pages built
2025-02-14T14:46:39.611Z - info: Site data built
2025-02-14T14:46:39.611Z - info: Website generation complete! Total build time: 0.454s
2025-02-14T14:46:39.611Z - info: Build success!
2025-02-14T14:46:43.784Z - info: The website has been deployed at: https://cyx22222003.github.io/CYX-portfolio
2025-02-14T14:47:29.674Z - info: Website generation started at 10:47:29 pm
2025-02-14T14:47:29.786Z - info: Building assets...
2025-02-14T14:47:29.876Z - info: Assets built
2025-02-14T14:47:29.876Z - info: Generating pages...
2025-02-14T14:47:29.975Z - warn: You might have an invalid hash for intra-link! Ignore this warning if it was intended.'
  /CYX-portfolio/index.html#skills' found in file 'E:\cyx-portfolio\_markbind\layouts\default.md'
2025-02-14T14:47:29.976Z - warn: You might have an invalid hash for intra-link! Ignore this warning if it was intended.'
  /CYX-portfolio/index.html#experience' found in file 'E:\cyx-portfolio\_markbind\layouts\default.md'
2025-02-14T14:47:29.976Z - warn: You might have an invalid hash for intra-link! Ignore this warning if it was intended.'
  /CYX-portfolio/index.html#project-1' found in file 'E:\cyx-portfolio\_markbind\layouts\default.md'
2025-02-14T14:47:29.977Z - warn: You might have an invalid hash for intra-link! Ignore this warning if it was intended.'
  /CYX-portfolio/index.html#project-2' found in file 'E:\cyx-portfolio\_markbind\layouts\default.md'
2025-02-14T14:47:29.977Z - warn: You might have an invalid hash for intra-link! Ignore this warning if it was intended.'
  /CYX-portfolio/index.html#other-projects' found in file 'E:\cyx-portfolio\_markbind\layouts\default.md'
2025-02-14T14:47:29.978Z - info: Pages built
2025-02-14T14:47:30.085Z - info: Site data built
2025-02-14T14:47:30.085Z - info: Website generation complete! Total build time: 0.457s
2025-02-14T14:47:30.085Z - info: Build success!
2025-02-14T14:47:33.913Z - info: The website has been deployed at: https://cyx22222003.github.io/CYX-portfolio
2025-02-14T14:49:20.696Z - info: Website generation started at 10:49:20 pm
2025-02-14T14:49:20.813Z - info: Building assets...
2025-02-14T14:49:20.903Z - info: Assets built
2025-02-14T14:49:20.903Z - info: Generating pages...
2025-02-14T14:49:20.998Z - warn: You might have an invalid hash for intra-link! Ignore this warning if it was intended.'
  /CYX-portfolio/index.html#skills' found in file 'E:\cyx-portfolio\_markbind\layouts\default.md'
2025-02-14T14:49:20.998Z - warn: You might have an invalid hash for intra-link! Ignore this warning if it was intended.'
  /CYX-portfolio/index.html#experience' found in file 'E:\cyx-portfolio\_markbind\layouts\default.md'
2025-02-14T14:49:20.998Z - warn: You might have an invalid hash for intra-link! Ignore this warning if it was intended.'
  /CYX-portfolio/index.html#project-1' found in file 'E:\cyx-portfolio\_markbind\layouts\default.md'
2025-02-14T14:49:20.998Z - warn: You might have an invalid hash for intra-link! Ignore this warning if it was intended.'
  /CYX-portfolio/index.html#project-2' found in file 'E:\cyx-portfolio\_markbind\layouts\default.md'
2025-02-14T14:49:20.998Z - warn: You might have an invalid hash for intra-link! Ignore this warning if it was intended.'
  /CYX-portfolio/index.html#other-projects' found in file 'E:\cyx-portfolio\_markbind\layouts\default.md'
2025-02-14T14:49:20.999Z - info: Pages built
2025-02-14T14:49:21.104Z - info: Site data built
2025-02-14T14:49:21.104Z - info: Website generation complete! Total build time: 0.453s
2025-02-14T14:49:21.104Z - info: Build success!
2025-02-14T14:49:51.130Z - info: Website generation started at 10:49:51 pm
2025-02-14T14:49:51.244Z - info: Building assets...
2025-02-14T14:49:51.334Z - info: Assets built
2025-02-14T14:49:51.334Z - info: Generating pages...
2025-02-14T14:49:51.430Z - warn: You might have an invalid hash for intra-link! Ignore this warning if it was intended.'
  /CYX-portfolio/index.html#skills' found in file 'E:\cyx-portfolio\_markbind\layouts\default.md'
2025-02-14T14:49:51.430Z - warn: You might have an invalid hash for intra-link! Ignore this warning if it was intended.'
  /CYX-portfolio/index.html#experience' found in file 'E:\cyx-portfolio\_markbind\layouts\default.md'
2025-02-14T14:49:51.431Z - warn: You might have an invalid hash for intra-link! Ignore this warning if it was intended.'
  /CYX-portfolio/index.html#project-1' found in file 'E:\cyx-portfolio\_markbind\layouts\default.md'
2025-02-14T14:49:51.431Z - warn: You might have an invalid hash for intra-link! Ignore this warning if it was intended.'
  /CYX-portfolio/index.html#project-2' found in file 'E:\cyx-portfolio\_markbind\layouts\default.md'
2025-02-14T14:49:51.431Z - warn: You might have an invalid hash for intra-link! Ignore this warning if it was intended.'
  /CYX-portfolio/index.html#other-projects' found in file 'E:\cyx-portfolio\_markbind\layouts\default.md'
2025-02-14T14:49:51.432Z - info: Pages built
2025-02-14T14:49:51.538Z - info: Site data built
2025-02-14T14:49:51.538Z - info: Website generation complete! Total build time: 0.455s
2025-02-14T14:49:51.538Z - info: Build success!
2025-02-14T14:49:58.627Z - info: The website has been deployed at: https://cyx22222003.github.io/CYX-portfolio
2025-02-14T14:50:22.223Z - info: Website generation started at 10:50:22 pm
2025-02-14T14:50:22.338Z - info: Building assets...
2025-02-14T14:50:22.430Z - info: Assets built
2025-02-14T14:50:22.430Z - info: Generating pages...
2025-02-14T14:50:22.528Z - warn: You might have an invalid hash for intra-link! Ignore this warning if it was intended.'
  /CYX-portfolio/index.html#skills' found in file 'E:\cyx-portfolio\_markbind\layouts\default.md'
2025-02-14T14:50:22.529Z - warn: You might have an invalid hash for intra-link! Ignore this warning if it was intended.'
  /CYX-portfolio/index.html#experience' found in file 'E:\cyx-portfolio\_markbind\layouts\default.md'
2025-02-14T14:50:22.529Z - warn: You might have an invalid hash for intra-link! Ignore this warning if it was intended.'
  /CYX-portfolio/index.html#project-1' found in file 'E:\cyx-portfolio\_markbind\layouts\default.md'
2025-02-14T14:50:22.529Z - warn: You might have an invalid hash for intra-link! Ignore this warning if it was intended.'
  /CYX-portfolio/index.html#project-2' found in file 'E:\cyx-portfolio\_markbind\layouts\default.md'
2025-02-14T14:50:22.529Z - warn: You might have an invalid hash for intra-link! Ignore this warning if it was intended.'
  /CYX-portfolio/index.html#other-projects' found in file 'E:\cyx-portfolio\_markbind\layouts\default.md'
2025-02-14T14:50:22.530Z - info: Pages built
2025-02-14T14:50:22.633Z - info: Site data built
2025-02-14T14:50:22.633Z - info: Website generation complete! Total build time: 0.456s
2025-02-14T14:50:22.651Z - info: Serving "E:\cyx-portfolio\_site" at http://127.0.0.1:8080
2025-02-14T14:50:22.651Z - info: Press CTRL+C to stop ...
2025-02-14T14:52:19.238Z - info: Website generation started at 10:52:19 pm
2025-02-14T14:52:19.367Z - info: Building assets...
2025-02-14T14:52:19.459Z - info: Assets built
2025-02-14T14:52:19.460Z - info: Generating pages...
2025-02-14T14:52:19.558Z - warn: You might have an invalid hash for intra-link! Ignore this warning if it was intended.'
  /CYX-portfolio/index.html#skills' found in file 'E:\cyx-portfolio\_markbind\layouts\default.md'
2025-02-14T14:52:19.558Z - warn: You might have an invalid hash for intra-link! Ignore this warning if it was intended.'
  /CYX-portfolio/index.html#experience' found in file 'E:\cyx-portfolio\_markbind\layouts\default.md'
2025-02-14T14:52:19.559Z - warn: You might have an invalid hash for intra-link! Ignore this warning if it was intended.'
  /CYX-portfolio/index.html#project-1' found in file 'E:\cyx-portfolio\_markbind\layouts\default.md'
2025-02-14T14:52:19.559Z - warn: You might have an invalid hash for intra-link! Ignore this warning if it was intended.'
  /CYX-portfolio/index.html#project-2' found in file 'E:\cyx-portfolio\_markbind\layouts\default.md'
2025-02-14T14:52:19.560Z - warn: You might have an invalid hash for intra-link! Ignore this warning if it was intended.'
  /CYX-portfolio/index.html#other-projects' found in file 'E:\cyx-portfolio\_markbind\layouts\default.md'
2025-02-14T14:52:19.560Z - info: Pages built
2025-02-14T14:52:19.663Z - info: Site data built
2025-02-14T14:52:19.664Z - info: Website generation complete! Total build time: 0.477s
2025-02-14T14:52:19.664Z - info: Build success!
2025-02-14T14:52:23.890Z - info: The website has been deployed at: https://cyx22222003.github.io/CYX-portfolio
2025-02-14T14:52:57.868Z - info: Website generation started at 10:52:57 pm
2025-02-14T14:52:57.982Z - info: Building assets...
2025-02-14T14:52:58.076Z - info: Assets built
2025-02-14T14:52:58.076Z - info: Generating pages...
2025-02-14T14:52:58.175Z - warn: You might have an invalid hash for intra-link! Ignore this warning if it was intended.'
  /CYX-portfolio/index.html#skills' found in file 'E:\cyx-portfolio\_markbind\layouts\default.md'
2025-02-14T14:52:58.176Z - warn: You might have an invalid hash for intra-link! Ignore this warning if it was intended.'
  /CYX-portfolio/index.html#experience' found in file 'E:\cyx-portfolio\_markbind\layouts\default.md'
2025-02-14T14:52:58.176Z - warn: You might have an invalid hash for intra-link! Ignore this warning if it was intended.'
  /CYX-portfolio/index.html#project-1' found in file 'E:\cyx-portfolio\_markbind\layouts\default.md'
2025-02-14T14:52:58.177Z - warn: You might have an invalid hash for intra-link! Ignore this warning if it was intended.'
  /CYX-portfolio/index.html#project-2' found in file 'E:\cyx-portfolio\_markbind\layouts\default.md'
2025-02-14T14:52:58.177Z - warn: You might have an invalid hash for intra-link! Ignore this warning if it was intended.'
  /CYX-portfolio/index.html#other-projects' found in file 'E:\cyx-portfolio\_markbind\layouts\default.md'
2025-02-14T14:52:58.178Z - info: Pages built
2025-02-14T14:52:58.285Z - info: Site data built
2025-02-14T14:52:58.285Z - info: Website generation complete! Total build time: 0.466s
2025-02-14T14:52:58.302Z - info: Serving "E:\cyx-portfolio\_site" at http://127.0.0.1:8080
2025-02-14T14:52:58.303Z - info: Press CTRL+C to stop ...
2025-02-14T14:53:12.652Z - info: Website generation started at 10:53:12 pm
2025-02-14T14:53:12.769Z - info: Building assets...
2025-02-14T14:53:12.859Z - info: Assets built
2025-02-14T14:53:12.859Z - info: Generating pages...
2025-02-14T14:53:12.960Z - warn: You might have an invalid hash for intra-link! Ignore this warning if it was intended.'
  /CYX-portfolio/index.html#skills' found in file 'E:\cyx-portfolio\_markbind\layouts\default.md'
2025-02-14T14:53:12.960Z - warn: You might have an invalid hash for intra-link! Ignore this warning if it was intended.'
  /CYX-portfolio/index.html#experience' found in file 'E:\cyx-portfolio\_markbind\layouts\default.md'
2025-02-14T14:53:12.961Z - warn: You might have an invalid hash for intra-link! Ignore this warning if it was intended.'
  /CYX-portfolio/index.html#project-1' found in file 'E:\cyx-portfolio\_markbind\layouts\default.md'
2025-02-14T14:53:12.961Z - warn: You might have an invalid hash for intra-link! Ignore this warning if it was intended.'
  /CYX-portfolio/index.html#project-2' found in file 'E:\cyx-portfolio\_markbind\layouts\default.md'
2025-02-14T14:53:12.961Z - warn: You might have an invalid hash for intra-link! Ignore this warning if it was intended.'
  /CYX-portfolio/index.html#other-projects' found in file 'E:\cyx-portfolio\_markbind\layouts\default.md'
2025-02-14T14:53:12.962Z - info: Pages built
2025-02-14T14:53:13.071Z - info: Site data built
2025-02-14T14:53:13.072Z - info: Website generation complete! Total build time: 0.468s
2025-02-14T14:53:13.072Z - info: Build success!
2025-02-14T14:53:17.056Z - info: The website has been deployed at: https://cyx22222003.github.io/CYX-portfolio
2025-02-14T14:56:25.230Z - info: Website generation started at 10:56:25 pm
2025-02-14T14:56:25.343Z - info: Building assets...
2025-02-14T14:56:25.433Z - info: Assets built
2025-02-14T14:56:25.433Z - info: Generating pages...
2025-02-14T14:56:25.530Z - warn: You might have an invalid hash for intra-link! Ignore this warning if it was intended.'
  /CYX-portfolio/index.html#skills' found in file 'E:\cyx-portfolio\_markbind\layouts\default.md'
2025-02-14T14:56:25.530Z - warn: You might have an invalid hash for intra-link! Ignore this warning if it was intended.'
  /CYX-portfolio/index.html#experience' found in file 'E:\cyx-portfolio\_markbind\layouts\default.md'
2025-02-14T14:56:25.531Z - warn: You might have an invalid hash for intra-link! Ignore this warning if it was intended.'
  /CYX-portfolio/index.html#project-1' found in file 'E:\cyx-portfolio\_markbind\layouts\default.md'
2025-02-14T14:56:25.531Z - warn: You might have an invalid hash for intra-link! Ignore this warning if it was intended.'
  /CYX-portfolio/index.html#project-2' found in file 'E:\cyx-portfolio\_markbind\layouts\default.md'
2025-02-14T14:56:25.531Z - warn: You might have an invalid hash for intra-link! Ignore this warning if it was intended.'
  /CYX-portfolio/index.html#other-projects' found in file 'E:\cyx-portfolio\_markbind\layouts\default.md'
2025-02-14T14:56:25.532Z - info: Pages built
2025-02-14T14:56:25.638Z - info: Site data built
2025-02-14T14:56:25.639Z - info: Website generation complete! Total build time: 0.455s
2025-02-14T14:56:25.639Z - info: Build success!
2025-02-14T14:56:49.170Z - info: Website generation started at 10:56:49 pm
2025-02-14T14:56:49.284Z - info: Building assets...
2025-02-14T14:56:49.376Z - info: Assets built
2025-02-14T14:56:49.376Z - info: Generating pages...
2025-02-14T14:56:49.473Z - warn: You might have an invalid hash for intra-link! Ignore this warning if it was intended.'
  /CYX-portfolio/index.html#skills' found in file 'E:\cyx-portfolio\_markbind\layouts\default.md'
2025-02-14T14:56:49.473Z - warn: You might have an invalid hash for intra-link! Ignore this warning if it was intended.'
  /CYX-portfolio/index.html#experience' found in file 'E:\cyx-portfolio\_markbind\layouts\default.md'
2025-02-14T14:56:49.474Z - warn: You might have an invalid hash for intra-link! Ignore this warning if it was intended.'
  /CYX-portfolio/index.html#project-1' found in file 'E:\cyx-portfolio\_markbind\layouts\default.md'
2025-02-14T14:56:49.474Z - warn: You might have an invalid hash for intra-link! Ignore this warning if it was intended.'
  /CYX-portfolio/index.html#project-2' found in file 'E:\cyx-portfolio\_markbind\layouts\default.md'
2025-02-14T14:56:49.474Z - warn: You might have an invalid hash for intra-link! Ignore this warning if it was intended.'
  /CYX-portfolio/index.html#other-projects' found in file 'E:\cyx-portfolio\_markbind\layouts\default.md'
2025-02-14T14:56:49.475Z - info: Pages built
2025-02-14T14:56:49.581Z - info: Site data built
2025-02-14T14:56:49.581Z - info: Website generation complete! Total build time: 0.456s
2025-02-14T14:56:49.582Z - info: Build success!
2025-02-14T14:56:55.721Z - info: The website has been deployed at: https://cyx22222003.github.io/CYX-portfolio
2025-02-14T14:57:15.294Z - info: Website generation started at 10:57:15 pm
2025-02-14T14:57:15.412Z - info: Building assets...
2025-02-14T14:57:15.507Z - info: Assets built
2025-02-14T14:57:15.508Z - info: Generating pages...
2025-02-14T14:57:15.607Z - warn: You might have an invalid hash for intra-link! Ignore this warning if it was intended.'
  /CYX-portfolio/index.html#skills' found in file 'E:\cyx-portfolio\_markbind\layouts\default.md'
2025-02-14T14:57:15.607Z - warn: You might have an invalid hash for intra-link! Ignore this warning if it was intended.'
  /CYX-portfolio/index.html#experience' found in file 'E:\cyx-portfolio\_markbind\layouts\default.md'
2025-02-14T14:57:15.607Z - warn: You might have an invalid hash for intra-link! Ignore this warning if it was intended.'
  /CYX-portfolio/index.html#project-1' found in file 'E:\cyx-portfolio\_markbind\layouts\default.md'
2025-02-14T14:57:15.608Z - warn: You might have an invalid hash for intra-link! Ignore this warning if it was intended.'
  /CYX-portfolio/index.html#project-2' found in file 'E:\cyx-portfolio\_markbind\layouts\default.md'
2025-02-14T14:57:15.609Z - warn: You might have an invalid hash for intra-link! Ignore this warning if it was intended.'
  /CYX-portfolio/index.html#other-projects' found in file 'E:\cyx-portfolio\_markbind\layouts\default.md'
2025-02-14T14:57:15.610Z - info: Pages built
2025-02-14T14:57:15.713Z - info: Site data built
2025-02-14T14:57:15.713Z - info: Website generation complete! Total build time: 0.464s
2025-02-14T14:57:15.730Z - info: Serving "E:\cyx-portfolio\_site" at http://127.0.0.1:8080
2025-02-14T14:57:15.730Z - info: Press CTRL+C to stop ...
